18:06:27.322 [main                     ] DEBUG Logger               - Configured Logger
18:06:27.448 [main                     ] DEBUG GameApplication      - Logging settings
Title: Untitled
Version: 0.0
Width: 1280
Height: 720
Fullscreen: false
Intro: false
Profiling: false
Single step:false
App Mode: DEVELOPER
Menu Key: ESCAPE
Stage Style: DECORATED
Scene Factory: class com.almasb.fxgl.app.scene.SceneFactory

18:06:28.382 [JavaFX Application Thread] DEBUG FXGLApplication      - Initializing FXGL
18:06:28.431 [JavaFX Application Thread] INFO  Engine               - FXGL-17.1 (24.03.2022 17.34) on WINDOWS (J:17.0.2 FX:18)
18:06:28.432 [JavaFX Application Thread] DEBUG Engine               - JRE Vendor Name: Oracle Corporation
18:06:28.433 [JavaFX Application Thread] DEBUG Engine               - Running on OS: Windows 10 version 10.0
18:06:28.434 [JavaFX Application Thread] DEBUG Engine               - Architecture: amd64
18:06:28.434 [JavaFX Application Thread] INFO  Engine               - Source code and latest versions at: https://github.com/AlmasB/FXGL
18:06:28.435 [JavaFX Application Thread] INFO  Engine               -       Ask questions and discuss at: https://github.com/AlmasB/FXGL/discussions
18:06:28.435 [JavaFX Application Thread] INFO  Engine               -              Join the FXGL chat at: https://gitter.im/AlmasB/FXGL
18:06:28.660 [JavaFX Application Thread] DEBUG PrimaryStageWindow   - Creating a JavaFX scene
18:06:28.769 [JavaFX Application Thread] DEBUG PrimaryStageWindow   - Target settings size: 1280.0 x 720.0
18:06:28.771 [JavaFX Application Thread] DEBUG PrimaryStageWindow   - Scaled scene size:    1280.0 x 720.0
18:06:28.771 [JavaFX Application Thread] DEBUG PrimaryStageWindow   - Scaled ratio: (1.0, 1.0)
18:06:28.774 [JavaFX Application Thread] DEBUG PrimaryStageWindow   - Set initial scene to FXGLStartupScene
18:06:28.791 [JavaFX Application Thread] DEBUG PrimaryStageWindow   - Opening main window
18:06:28.972 [JavaFX Application Thread] DEBUG PrimaryStageWindow   - Window border size: (14.4000244140625, 37.5999755859375)
18:06:28.972 [JavaFX Application Thread] DEBUG PrimaryStageWindow   - Scaled size: 1280.0 x 720.0
18:06:28.973 [JavaFX Application Thread] DEBUG PrimaryStageWindow   - Scaled ratio: (1.0, 1.0)
18:06:28.974 [JavaFX Application Thread] DEBUG PrimaryStageWindow   - Scene size: 1280.0 x 720.0
18:06:28.975 [JavaFX Application Thread] DEBUG PrimaryStageWindow   - Stage size: 1294.4000244140625 x 757.5999755859375
18:06:29.302 [FXGL Background Thread 1 ] DEBUG Engine               - Initializing environment variables
18:06:29.402 [FXGL Background Thread 1 ] DEBUG FXGLAssetLoaderServi - User app class for loading assets: class de.prog2.uwupatch1.DungeonApp
18:06:29.403 [FXGL Background Thread 1 ] DEBUG GameApplicationServi - Applying CSS: fxgl_dark.css
18:06:29.405 [FXGL Background Thread 1 ] DEBUG FXGLAssetLoaderServi - Loading from file system: jar:file:///C:/Users/Niclas/.m2/repository/com/github/almasb/fxgl/17.1/fxgl-17.1.jar!/fxglassets/ui/css/fxgl_dark.css
18:06:29.581 [FXGL Background Thread 1 ] DEBUG GameApplicationServi - Initializing application scenes
18:06:30.025 [FXGL Background Thread 1 ] DEBUG GameWorld            - Game world initialized
18:06:30.157 [FXGL Background Thread 1 ] DEBUG PhysicsWorld         - Physics world initialized: appHeight=720, physics.ppm=50,0
18:06:30.159 [FXGL Background Thread 1 ] DEBUG PhysicsWorld         - Using strategy: BRUTE_FORCE
18:06:30.171 [FXGL Background Thread 1 ] DEBUG GameScene            - Game scene initialized: 1280x720
18:06:30.213 [FXGL Background Thread 1 ] DEBUG FXGL.DefaultMenu     - createMenuBodyGameMenu()
18:06:30.238 [FXGL Background Thread 1 ] DEBUG FXGL.DefaultMenu     - createOptionsMenu()
18:06:30.266 [FXGL Background Thread 1 ] DEBUG FXGLAssetLoaderServi - Loading from file system: jar:file:///C:/Users/Niclas/.m2/repository/com/github/almasb/fxgl/17.1/fxgl-17.1.jar!/fxglassets/textures/particles/smoke.png
18:06:30.721 [FXGL Background Thread 1 ] DEBUG FXGLAssetLoaderServi - Loading from file system: jar:file:///C:/Users/Niclas/.m2/repository/com/github/almasb/fxgl/17.1/fxgl-17.1.jar!/fxglassets/textures/particles/trace_horizontal.png
18:06:30.840 [FXGL Background Thread 1 ] DEBUG GameApplicationServi - Application scenes initialized
18:06:30.892 [FXGL Background Thread 1 ] DEBUG SystemBundleService  - Loading FXGL system data
18:06:30.920 [FXGL Background Thread 1 ] WARN  SystemBundleService  - Failed to load: java.io.FileNotFoundException: C:\Users\Niclas\Desktop\DungeonGit\UwuPatch1\system\fxgl.bundle (Das System kann die angegebene Datei nicht finden)
18:06:30.920 [FXGL Background Thread 1 ] DEBUG SystemBundleService  - Loading default FXGL system data
18:06:30.921 [FXGL Background Thread 1 ] DEBUG UpdaterService       - Checking for updates
18:06:30.942 [FXGL Background Thread 1 ] DEBUG FXGLApplication      - Loading default localization
18:06:30.943 [FXGL Background Thread 1 ] DEBUG FXGLAssetLoaderServi - Loading from file system: jar:file:///C:/Users/Niclas/.m2/repository/com/github/almasb/fxgl/17.1/fxgl-17.1.jar!/fxglassets/languages/english.lang
18:06:30.972 [FXGL Background Thread 1 ] INFO  FXGLApplication      - FXGL initialization took: 1,670 sec
18:06:30.976 [JavaFX Application Thread] DEBUG FXGLAssetLoaderServi - Loading from file system: jar:file:///C:/Users/Niclas/.m2/repository/com/github/almasb/fxgl/17.1/fxgl-17.1.jar!/fxglassets/textures/fxgl_icon.png
18:06:31.018 [JavaFX Application Thread] DEBUG FXGLAssetLoaderServi - Loading from file system: jar:file:///C:/Users/Niclas/.m2/repository/com/github/almasb/fxgl/17.1/fxgl-17.1.jar!/fxglassets/textures/fxgl_default_cursor.png
18:06:31.037 [JavaFX Application Thread] DEBUG Input                - Registered new binding: Screenshot - CTRL+8
18:06:31.038 [JavaFX Application Thread] DEBUG Input                - Registered new binding: System info dump - CTRL+9
18:06:31.038 [JavaFX Application Thread] DEBUG Input                - Registered new binding: Restart - CTRL+R
18:06:31.039 [JavaFX Application Thread] DEBUG Input                - Registered new binding: Toggle Debug Camera - CTRL+7
18:06:31.042 [JavaFX Application Thread] DEBUG LoopRunner           - Starting loop
18:06:31.042 [JavaFX Application Thread] DEBUG LoopRunner           - Initializing JavaFX AnimationTimerLoop
18:06:31.044 [JavaFX Application Thread] DEBUG GameApplicationServi - Starting new game
18:06:31.048 [JavaFX Application Thread] DEBUG Input                - Clearing active input actions
18:06:31.100 [JavaFX Application Thread] DEBUG GameApplicationServi - Removing overlay from FXGLStartupScene and adding to FXGLLoadingScene
18:06:31.101 [JavaFX Application Thread] DEBUG PrimaryStageWindow   - FXGLStartupScene -> FXGLLoadingScene
18:06:31.102 [JavaFX Application Thread] DEBUG GameApplicationServi - Clearing previous game
18:06:31.172 [FXGL Background Thread 4 ] DEBUG FXGLApplication      - Loading fonts
18:06:31.173 [FXGL Background Thread 4 ] DEBUG FXGLAssetLoaderServi - Loading from file system: jar:file:///C:/Users/Niclas/.m2/repository/com/github/almasb/fxgl/17.1/fxgl-17.1.jar!/fxglassets/ui/fonts/VarelaRound-Regular.ttf
18:06:31.102 [JavaFX Application Thread] DEBUG GameScene            - Clearing game scene
18:06:31.181 [JavaFX Application Thread] DEBUG GameWorld            - Clearing game world
18:06:31.181 [JavaFX Application Thread] DEBUG PhysicsWorld         - Clearing physics world
18:06:31.191 [FXGL Background Thread 1 ] DEBUG FXGLApplication      - Initializing game
18:06:31.631 [JavaFX Application Thread] DEBUG LoopRunner           - Stopping loop
18:06:31.634 [JavaFX Application Thread] FATAL FXGLApplication      - Uncaught Exception:
java.lang.RuntimeException: Initialization failed
	at com.almasb.fxgl.all@17.1/com.almasb.fxgl.app.FXGLApplication$InitAppTask.failed(FXGLApplication.kt:343)
	at javafx.graphics@18/javafx.concurrent.Task.setState(Task.java:710)
	at javafx.graphics@18/javafx.concurrent.Task$TaskCallable.lambda$call$2(Task.java:1456)
	at javafx.graphics@18/com.sun.javafx.application.PlatformImpl.lambda$runLater$10(PlatformImpl.java:457)
	at java.base/java.security.AccessController.doPrivileged(AccessController.java:399)
	at javafx.graphics@18/com.sun.javafx.application.PlatformImpl.lambda$runLater$11(PlatformImpl.java:456)
	at javafx.graphics@18/com.sun.glass.ui.InvokeLaterDispatcher$Future.run(InvokeLaterDispatcher.java:96)
	at javafx.graphics@18/com.sun.glass.ui.win.WinApplication._runLoop(Native Method)
	at javafx.graphics@18/com.sun.glass.ui.win.WinApplication.lambda$runLoop$3(WinApplication.java:184)
	at java.base/java.lang.Thread.run(Thread.java:833)
Caused by: java.nio.file.InvalidPathException: Illegal char <:> at index 18: assets\levels\file:\C:\Users\Niclas\Desktop\DungeonGit\UwuPatch1\target\classes\de\prog2\uwupatch1\View\FXGL\derDungeon.tmx
	at java.base/sun.nio.fs.WindowsPathParser.normalize(WindowsPathParser.java:182)
	at java.base/sun.nio.fs.WindowsPathParser.parse(WindowsPathParser.java:153)
	at java.base/sun.nio.fs.WindowsPathParser.parse(WindowsPathParser.java:77)
	at java.base/sun.nio.fs.WindowsPath.parse(WindowsPath.java:92)
	at java.base/sun.nio.fs.WindowsFileSystem.getPath(WindowsFileSystem.java:232)
	at java.base/jdk.internal.module.Resources.toSafeFilePath(Resources.java:143)
	at java.base/jdk.internal.module.Resources.toFilePath(Resources.java:97)
	at java.base/jdk.internal.module.ModuleReferences$ExplodedModuleReader.find(ModuleReferences.java:382)
	at java.base/jdk.internal.loader.BuiltinClassLoader.findResource(BuiltinClassLoader.java:497)
	at java.base/jdk.internal.loader.BuiltinClassLoader.findResource(BuiltinClassLoader.java:277)
	at java.base/java.lang.Class.getResource(Class.java:2927)
	at com.almasb.fxgl.all@17.1/com.almasb.fxgl.app.services.FXGLAssetLoaderService.getURL(FXGLAssetLoaderService.kt:573)
	at com.almasb.fxgl.all@17.1/com.almasb.fxgl.app.services.FXGLAssetLoaderService.loadLevel(FXGLAssetLoaderService.kt:440)
	at com.almasb.fxgl.all@17.1/com.almasb.fxgl.dsl.FXGL$Companion.setLevelFromMap(FXGL.kt:634)
	at com.almasb.fxgl.all@17.1/com.almasb.fxgl.dsl.FXGL.setLevelFromMap(FXGL.kt)
	at com.prog.uwupatch/de.prog2.uwupatch1.DungeonApp.initGame(DungeonApp.java:23)
	at com.almasb.fxgl.all@17.1/com.almasb.fxgl.app.FXGLApplication$InitAppTask.initGame(FXGLApplication.kt:339)
	at com.almasb.fxgl.all@17.1/com.almasb.fxgl.app.FXGLApplication$InitAppTask.call(FXGLApplication.kt:319)
	at com.almasb.fxgl.all@17.1/com.almasb.fxgl.app.FXGLApplication$InitAppTask.call(FXGLApplication.kt:311)
	at javafx.graphics@18/javafx.concurrent.Task$TaskCallable.call(Task.java:1426)
	at java.base/java.util.concurrent.FutureTask.run(FutureTask.java:264)
	at java.base/java.util.concurrent.Executors$RunnableAdapter.call(Executors.java:539)
	at java.base/java.util.concurrent.FutureTask.run(FutureTask.java:264)
	at java.base/java.util.concurrent.ThreadPoolExecutor.runWorker(ThreadPoolExecutor.java:1136)
	at java.base/java.util.concurrent.ThreadPoolExecutor$Worker.run(ThreadPoolExecutor.java:635)
	... 1 more

18:06:31.634 [JavaFX Application Thread] FATAL FXGLApplication      - Application will now exit
18:06:31.732 [JavaFX Application Thread] DEBUG PrimaryStageWindow   - Push state: ErrorSubScene
18:06:31.732 [JavaFX Application Thread] DEBUG Input                - Clearing active input actions
18:06:31.752 [JavaFX Application Thread] DEBUG GameApplicationServi - Removing overlay from FXGLLoadingScene and adding to ErrorSubScene
18:06:31.832 [JavaFX Application Thread] DEBUG PrimaryStageWindow   - FXGLLoadingScene -> ErrorSubScene
18:06:33.972 [FXGL Background Thread 3 ] DEBUG Engine               - Logging environment variables
18:06:33.989 [FXGL Background Thread 3 ] DEBUG Engine               - achievements: []
18:06:33.990 [FXGL Background Thread 3 ] DEBUG Engine               - actualHeight: 720.0
18:06:33.990 [FXGL Background Thread 3 ] DEBUG Engine               - actualHeightProperty: ReadOnlyDoubleProperty [value: 720.0]
18:06:33.990 [FXGL Background Thread 3 ] DEBUG Engine               - actualWidth: 1280.0
18:06:33.991 [FXGL Background Thread 3 ] DEBUG Engine               - actualWidthProperty: ReadOnlyDoubleProperty [value: 1280.0]
18:06:33.992 [FXGL Background Thread 3 ] DEBUG Engine               - appIcon: fxgl_icon.png
18:06:33.992 [FXGL Background Thread 3 ] DEBUG Engine               - applicationMode: DEVELOPER
18:06:33.995 [FXGL Background Thread 3 ] DEBUG Engine               - cSSList: [fxgl_dark.css]
18:06:33.996 [FXGL Background Thread 3 ] DEBUG Engine               - collisionDetectionStrategy: BRUTE_FORCE
18:06:33.996 [FXGL Background Thread 3 ] DEBUG Engine               - configClass: Optional.empty
18:06:33.996 [FXGL Background Thread 3 ] DEBUG Engine               - credits: []
18:06:33.997 [FXGL Background Thread 3 ] DEBUG Engine               - defaultCursor: CursorInfo(imageName=fxgl_default_cursor.png, hotspotX=7.0, hotspotY=6.0)
18:06:33.998 [FXGL Background Thread 3 ] DEBUG Engine               - devBBoxColorProperty: ObjectProperty [value: 0xff0000ff]
18:06:33.998 [FXGL Background Thread 3 ] DEBUG Engine               - devEnableDebugCameraProperty: BooleanProperty [value: false]
18:06:34.002 [FXGL Background Thread 3 ] DEBUG Engine               - devSensorColorProperty: ObjectProperty [value: 0xffff00ff]
18:06:34.006 [FXGL Background Thread 3 ] DEBUG Engine               - devShowBBoxProperty: BooleanProperty [value: false]
18:06:34.006 [FXGL Background Thread 3 ] DEBUG Engine               - devShowPositionProperty: BooleanProperty [value: false]
18:06:34.007 [FXGL Background Thread 3 ] DEBUG Engine               - enabledMenuItems: []
18:06:34.007 [FXGL Background Thread 3 ] DEBUG Engine               - engineServices: [class com.almasb.fxgl.app.services.FXGLAssetLoaderService, class com.almasb.fxgl.app.FXGLApplication$GameApplicationService, class com.almasb.fxgl.app.services.FXGLDialogService, class com.almasb.fxgl.app.services.IOTaskExecutorService, class com.almasb.fxgl.io.FileSystemService, class com.almasb.fxgl.localization.LocalizationService, class com.almasb.fxgl.app.services.SystemBundleService, class com.almasb.fxgl.profile.SaveLoadService, class com.almasb.fxgl.ui.FXGLUIFactoryServiceProvider, class com.almasb.fxgl.ui.FXGLDialogFactoryServiceProvider, class com.almasb.fxgl.audio.AudioPlayer, class com.almasb.fxgl.notification.impl.NotificationServiceProvider, class com.almasb.fxgl.achievement.AchievementService, class com.almasb.fxgl.cutscene.CutsceneService, class com.almasb.fxgl.minigames.MiniGameService, class com.almasb.fxgl.net.NetService, class com.almasb.fxgl.app.services.UpdaterService, class com.almasb.fxgl.dev.DevService]
18:06:34.007 [FXGL Background Thread 3 ] DEBUG Engine               - fontGame: Abel-Regular.ttf
18:06:34.007 [FXGL Background Thread 3 ] DEBUG Engine               - fontMono: TerminalLandMono-Regular.otf
18:06:34.007 [FXGL Background Thread 3 ] DEBUG Engine               - fontText: Courier-Prime.ttf
18:06:34.007 [FXGL Background Thread 3 ] DEBUG Engine               - fontUI: VarelaRound-Regular.ttf
18:06:34.007 [FXGL Background Thread 3 ] DEBUG Engine               - fullScreen: BooleanProperty [value: false]
18:06:34.008 [FXGL Background Thread 3 ] DEBUG Engine               - gameDifficulty: MEDIUM
18:06:34.008 [FXGL Background Thread 3 ] DEBUG Engine               - gameDifficultyProperty: ObjectProperty [value: MEDIUM]
18:06:34.008 [FXGL Background Thread 3 ] DEBUG Engine               - globalMusicVolume: 0.5
18:06:34.008 [FXGL Background Thread 3 ] DEBUG Engine               - globalMusicVolumeProperty: DoubleProperty [value: 0.5]
18:06:34.008 [FXGL Background Thread 3 ] DEBUG Engine               - globalSoundVolume: 0.5
18:06:34.008 [FXGL Background Thread 3 ] DEBUG Engine               - globalSoundVolumeProperty: DoubleProperty [value: 0.5]
18:06:34.009 [FXGL Background Thread 3 ] DEBUG Engine               - height: 720
18:06:34.009 [FXGL Background Thread 3 ] DEBUG Engine               - is3D: false
18:06:34.009 [FXGL Background Thread 3 ] DEBUG Engine               - isAndroid: false
18:06:34.009 [FXGL Background Thread 3 ] DEBUG Engine               - isBrowser: false
18:06:34.009 [FXGL Background Thread 3 ] DEBUG Engine               - isClickFeedbackEnabled: false
18:06:34.009 [FXGL Background Thread 3 ] DEBUG Engine               - isCloseConfirmation: false
18:06:34.009 [FXGL Background Thread 3 ] DEBUG Engine               - isDesktop: true
18:06:34.010 [FXGL Background Thread 3 ] DEBUG Engine               - isDeveloperMenuEnabled: false
18:06:34.010 [FXGL Background Thread 3 ] DEBUG Engine               - isEmbedded: false
18:06:34.010 [FXGL Background Thread 3 ] DEBUG Engine               - isEntityPreloadEnabled: true
18:06:34.012 [FXGL Background Thread 3 ] DEBUG Engine               - isExperimentalTiledLargeMap: false
18:06:34.012 [FXGL Background Thread 3 ] DEBUG Engine               - isFileSystemWriteAllowed: true
18:06:34.012 [FXGL Background Thread 3 ] DEBUG Engine               - isFullScreenAllowed: false
18:06:34.012 [FXGL Background Thread 3 ] DEBUG Engine               - isFullScreenFromStart: false
18:06:34.012 [FXGL Background Thread 3 ] DEBUG Engine               - isGameMenuEnabled: true
18:06:34.012 [FXGL Background Thread 3 ] DEBUG Engine               - isIOS: false
18:06:34.014 [FXGL Background Thread 3 ] DEBUG Engine               - isIntroEnabled: false
18:06:34.015 [FXGL Background Thread 3 ] DEBUG Engine               - isLinux: false
18:06:34.015 [FXGL Background Thread 3 ] DEBUG Engine               - isMac: false
18:06:34.015 [FXGL Background Thread 3 ] DEBUG Engine               - isMainMenuEnabled: false
18:06:34.022 [FXGL Background Thread 3 ] DEBUG Engine               - isManualResizeEnabled: false
18:06:34.022 [FXGL Background Thread 3 ] DEBUG Engine               - isMobile: false
18:06:34.022 [FXGL Background Thread 3 ] DEBUG Engine               - isNative: false
18:06:34.022 [FXGL Background Thread 3 ] DEBUG Engine               - isPauseMusicWhenMinimized: true
18:06:34.024 [FXGL Background Thread 3 ] DEBUG Engine               - isPreserveResizeRatio: false
18:06:34.024 [FXGL Background Thread 3 ] DEBUG Engine               - isProfilingEnabled: false
18:06:34.042 [FXGL Background Thread 4 ] DEBUG FXGLAssetLoaderServi - Loading from file system: jar:file:///C:/Users/Niclas/.m2/repository/com/github/almasb/fxgl/17.1/fxgl-17.1.jar!/fxglassets/ui/fonts/Abel-Regular.ttf
18:06:34.063 [FXGL Background Thread 4 ] DEBUG FXGLAssetLoaderServi - Loading from file system: jar:file:///C:/Users/Niclas/.m2/repository/com/github/almasb/fxgl/17.1/fxgl-17.1.jar!/fxglassets/ui/fonts/TerminalLandMono-Regular.otf
18:06:34.025 [FXGL Background Thread 3 ] DEBUG Engine               - isScaleAffectedOnResize: true
18:06:34.072 [FXGL Background Thread 3 ] DEBUG Engine               - isSingleStep: false
18:06:34.072 [FXGL Background Thread 3 ] DEBUG Engine               - isUserProfileEnabled: false
18:06:34.072 [FXGL Background Thread 3 ] DEBUG Engine               - isWindows: true
18:06:34.072 [FXGL Background Thread 3 ] DEBUG Engine               - language: ObjectProperty [value: ENGLISH]
18:06:34.081 [FXGL Background Thread 3 ] DEBUG Engine               - menuKey: ESCAPE
18:06:34.206 [FXGL Background Thread 4 ] DEBUG FXGLAssetLoaderServi - Loading from file system: jar:file:///C:/Users/Niclas/.m2/repository/com/github/almasb/fxgl/17.1/fxgl-17.1.jar!/fxglassets/ui/fonts/Courier-Prime.ttf
18:06:34.082 [FXGL Background Thread 3 ] DEBUG Engine               - mouseSensitivity: 0.2
18:06:34.211 [FXGL Background Thread 3 ] DEBUG Engine               - notificationViewClass: class com.almasb.fxgl.notification.view.XboxNotificationView
18:06:34.212 [FXGL Background Thread 3 ] DEBUG Engine               - pixelsPerMeter: 50.0
18:06:34.212 [FXGL Background Thread 3 ] DEBUG Engine               - platform: WINDOWS
18:06:34.212 [FXGL Background Thread 3 ] DEBUG Engine               - prefHeightProperty: ReadOnlyDoubleProperty [value: 720.0]
18:06:34.212 [FXGL Background Thread 3 ] DEBUG Engine               - prefWidthProperty: ReadOnlyDoubleProperty [value: 1280.0]
18:06:34.220 [FXGL Background Thread 3 ] DEBUG Engine               - profileDir: profiles/
18:06:34.221 [FXGL Background Thread 3 ] DEBUG Engine               - profileName: StringProperty [value: DEFAULT]
18:06:34.222 [FXGL Background Thread 3 ] DEBUG Engine               - randomSeed: -1
18:06:34.225 [FXGL Background Thread 3 ] DEBUG Engine               - runtimeInfo: RuntimeInfo(platform=WINDOWS, version=17.1, build=24.03.2022 17.34)
18:06:34.225 [FXGL Background Thread 3 ] DEBUG Engine               - saveFileExt: sav
18:06:34.225 [FXGL Background Thread 3 ] DEBUG Engine               - scaledHeightProp$fxgl: DoubleProperty [bound, value: 720.0]
18:06:34.226 [FXGL Background Thread 3 ] DEBUG Engine               - scaledWidthProp$fxgl: DoubleProperty [bound, value: 1280.0]
18:06:34.226 [FXGL Background Thread 3 ] DEBUG Engine               - sceneFactory: com.almasb.fxgl.app.scene.SceneFactory@384957eb
18:06:34.226 [FXGL Background Thread 3 ] DEBUG Engine               - secondsIn24h: 60
18:06:34.226 [FXGL Background Thread 3 ] DEBUG Engine               - soundMenuBack: menu/back.wav
18:06:34.227 [FXGL Background Thread 3 ] DEBUG Engine               - soundMenuPress: menu/press.wav
18:06:34.227 [FXGL Background Thread 3 ] DEBUG Engine               - soundMenuSelect: menu/select.wav
18:06:34.227 [FXGL Background Thread 3 ] DEBUG Engine               - soundNotification: core/notification.wav
18:06:34.227 [FXGL Background Thread 3 ] DEBUG Engine               - stageStyle: DECORATED
18:06:34.227 [FXGL Background Thread 3 ] DEBUG Engine               - supportedLanguages: [ENGLISH, FRENCH, GERMAN, HUNGARIAN, RUSSIAN]
18:06:34.227 [FXGL Background Thread 3 ] DEBUG Engine               - ticksPerSecond: -1
18:06:34.227 [FXGL Background Thread 3 ] DEBUG Engine               - title: Untitled
18:06:34.227 [FXGL Background Thread 3 ] DEBUG Engine               - urlGithub: https://github.com/AlmasB/FXGL
18:06:34.227 [FXGL Background Thread 3 ] DEBUG Engine               - urlLeaderboard: http://fxgl-top.herokuapp.com/
18:06:34.228 [FXGL Background Thread 3 ] DEBUG Engine               - urlPOM: https://raw.githubusercontent.com/AlmasB/FXGL/release/README.md
18:06:34.229 [FXGL Background Thread 3 ] DEBUG Engine               - userAppClass: class de.prog2.uwupatch1.DungeonApp
18:06:34.230 [FXGL Background Thread 3 ] DEBUG Engine               - version: 0.0
18:06:34.230 [FXGL Background Thread 3 ] DEBUG Engine               - versionCheckDays: 7
18:06:34.230 [FXGL Background Thread 3 ] DEBUG Engine               - width: 1280
18:06:34.230 [FXGL Background Thread 3 ] DEBUG Engine               - Logging services
18:06:34.230 [FXGL Background Thread 3 ] DEBUG Engine               - class com.almasb.fxgl.app.services.FXGLAssetLoaderService
18:06:34.230 [FXGL Background Thread 3 ] DEBUG Engine               - class com.almasb.fxgl.app.FXGLApplication$GameApplicationService
18:06:34.230 [FXGL Background Thread 3 ] DEBUG Engine               - class com.almasb.fxgl.app.services.FXGLDialogService
18:06:34.230 [FXGL Background Thread 3 ] DEBUG Engine               - class com.almasb.fxgl.app.services.IOTaskExecutorService
18:06:34.230 [FXGL Background Thread 3 ] DEBUG Engine               - class com.almasb.fxgl.io.FileSystemService
18:06:34.231 [JavaFX Application Thread] DEBUG FXGLApplication      - Registering font factories with UI factory
18:06:34.231 [FXGL Background Thread 3 ] DEBUG Engine               - class com.almasb.fxgl.localization.LocalizationService
18:06:34.232 [FXGL Background Thread 3 ] DEBUG Engine               - class com.almasb.fxgl.app.services.SystemBundleService
18:06:34.232 [FXGL Background Thread 3 ] DEBUG Engine               - class com.almasb.fxgl.profile.SaveLoadService
18:06:34.234 [FXGL Background Thread 3 ] DEBUG Engine               - class com.almasb.fxgl.ui.FXGLUIFactoryServiceProvider
18:06:34.234 [FXGL Background Thread 3 ] DEBUG Engine               - class com.almasb.fxgl.ui.FXGLDialogFactoryServiceProvider
18:06:34.234 [FXGL Background Thread 3 ] DEBUG Engine               - class com.almasb.fxgl.audio.AudioPlayer
18:06:34.235 [FXGL Background Thread 3 ] DEBUG Engine               - class com.almasb.fxgl.notification.impl.NotificationServiceProvider
18:06:34.235 [FXGL Background Thread 3 ] DEBUG Engine               - class com.almasb.fxgl.achievement.AchievementService
18:06:34.235 [FXGL Background Thread 3 ] DEBUG Engine               - class com.almasb.fxgl.cutscene.CutsceneService
18:06:34.235 [FXGL Background Thread 3 ] DEBUG Engine               - class com.almasb.fxgl.minigames.MiniGameService
18:06:34.235 [FXGL Background Thread 3 ] DEBUG Engine               - class com.almasb.fxgl.net.NetService
18:06:34.235 [FXGL Background Thread 3 ] DEBUG Engine               - class com.almasb.fxgl.app.services.UpdaterService
18:06:34.235 [FXGL Background Thread 3 ] DEBUG Engine               - class com.almasb.fxgl.dev.DevService
18:06:47.309 [JavaFX Application Thread] DEBUG FXGLApplication      - Exiting FXGL
18:06:47.311 [JavaFX Application Thread] DEBUG Async                - Shutting down background threads
18:06:47.311 [JavaFX Application Thread] DEBUG PrimaryStageWindow   - Closing main window
18:06:47.443 [JavaFX Application Thread] DEBUG Logger               - Closing Logger
