17:36:55.016 [main                     ] DEBUG Logger               - Configured Logger
17:36:55.046 [main                     ] DEBUG GameApplication      - Logging settings
Title: Untitled
Version: 0.0
Width: 1280
Height: 720
Fullscreen: false
Intro: false
Profiling: false
Single step:false
App Mode: DEVELOPER
Menu Key: ESCAPE
Stage Style: DECORATED
Scene Factory: class com.almasb.fxgl.app.scene.SceneFactory

17:36:55.400 [JavaFX Application Thread] DEBUG FXGLApplication      - Initializing FXGL
17:36:55.404 [JavaFX Application Thread] INFO  Engine               - FXGL-17.1 (24.03.2022 17.34) on WINDOWS (J:17.0.3.1 FX:18)
17:36:55.404 [JavaFX Application Thread] DEBUG Engine               - JRE Vendor Name: Oracle Corporation
17:36:55.405 [JavaFX Application Thread] DEBUG Engine               - Running on OS: Windows 10 version 10.0
17:36:55.405 [JavaFX Application Thread] DEBUG Engine               - Architecture: amd64
17:36:55.405 [JavaFX Application Thread] INFO  Engine               - Source code and latest versions at: https://github.com/AlmasB/FXGL
17:36:55.405 [JavaFX Application Thread] INFO  Engine               -       Ask questions and discuss at: https://github.com/AlmasB/FXGL/discussions
17:36:55.405 [JavaFX Application Thread] INFO  Engine               -              Join the FXGL chat at: https://gitter.im/AlmasB/FXGL
17:36:55.468 [JavaFX Application Thread] DEBUG PrimaryStageWindow   - Creating a JavaFX scene
17:36:55.501 [JavaFX Application Thread] DEBUG PrimaryStageWindow   - Target settings size: 1280.0 x 720.0
17:36:55.501 [JavaFX Application Thread] DEBUG PrimaryStageWindow   - Scaled scene size:    1280.0 x 720.0
17:36:55.502 [JavaFX Application Thread] DEBUG PrimaryStageWindow   - Scaled ratio: (1.0, 1.0)
17:36:55.502 [JavaFX Application Thread] DEBUG PrimaryStageWindow   - Set initial scene to FXGLStartupScene
17:36:55.507 [JavaFX Application Thread] DEBUG PrimaryStageWindow   - Opening main window
17:36:55.568 [JavaFX Application Thread] DEBUG PrimaryStageWindow   - Window border size: (16.0, 39.0)
17:36:55.569 [JavaFX Application Thread] DEBUG PrimaryStageWindow   - Scaled size: 1280.0 x 720.0
17:36:55.569 [JavaFX Application Thread] DEBUG PrimaryStageWindow   - Scaled ratio: (1.0, 1.0)
17:36:55.569 [JavaFX Application Thread] DEBUG PrimaryStageWindow   - Scene size: 1280.0 x 720.0
17:36:55.569 [JavaFX Application Thread] DEBUG PrimaryStageWindow   - Stage size: 1296.0 x 759.0
17:36:55.574 [FXGL Background Thread 1 ] DEBUG Engine               - Initializing environment variables
17:36:55.596 [FXGL Background Thread 1 ] DEBUG FXGLAssetLoaderServi - User app class for loading assets: class de.prog2.uwupatch1.View.FXGL.DungeonApp
17:36:55.596 [FXGL Background Thread 1 ] DEBUG GameApplicationServi - Applying CSS: fxgl_dark.css
17:36:55.597 [FXGL Background Thread 1 ] DEBUG FXGLAssetLoaderServi - Loading from file system: jar:file:///C:/Users/Mark/.m2/repository/com/github/almasb/fxgl/17.1/fxgl-17.1.jar!/fxglassets/ui/css/fxgl_dark.css
17:36:55.627 [FXGL Background Thread 1 ] DEBUG GameApplicationServi - Initializing application scenes
17:36:55.649 [FXGL Background Thread 1 ] DEBUG GameWorld            - Game world initialized
17:36:55.702 [FXGL Background Thread 1 ] DEBUG PhysicsWorld         - Physics world initialized: appHeight=720, physics.ppm=50,0
17:36:55.702 [FXGL Background Thread 1 ] DEBUG PhysicsWorld         - Using strategy: BRUTE_FORCE
17:36:55.705 [FXGL Background Thread 1 ] DEBUG GameScene            - Game scene initialized: 1280x720
17:36:55.713 [FXGL Background Thread 1 ] DEBUG FXGL.DefaultMenu     - createMenuBodyGameMenu()
17:36:55.722 [FXGL Background Thread 1 ] DEBUG FXGL.DefaultMenu     - createOptionsMenu()
17:36:55.731 [FXGL Background Thread 1 ] DEBUG FXGLAssetLoaderServi - Loading from file system: jar:file:///C:/Users/Mark/.m2/repository/com/github/almasb/fxgl/17.1/fxgl-17.1.jar!/fxglassets/textures/particles/smoke.png
17:36:55.791 [FXGL Background Thread 1 ] DEBUG FXGLAssetLoaderServi - Loading from file system: jar:file:///C:/Users/Mark/.m2/repository/com/github/almasb/fxgl/17.1/fxgl-17.1.jar!/fxglassets/textures/particles/trace_horizontal.png
17:36:55.817 [FXGL Background Thread 1 ] DEBUG GameApplicationServi - Application scenes initialized
17:36:55.825 [FXGL Background Thread 1 ] DEBUG SystemBundleService  - Loading FXGL system data
17:36:55.827 [FXGL Background Thread 1 ] WARN  SystemBundleService  - Failed to load: java.io.FileNotFoundException: C:\Users\Mark\IdeaProjects\DungeonTop-Uwu\system\fxgl.bundle (Das System kann die angegebene Datei nicht finden)
17:36:55.827 [FXGL Background Thread 1 ] DEBUG SystemBundleService  - Loading default FXGL system data
17:36:55.827 [FXGL Background Thread 1 ] DEBUG UpdaterService       - Checking for updates
17:36:55.830 [FXGL Background Thread 4 ] DEBUG FXGLApplication      - Loading fonts
17:36:55.830 [FXGL Background Thread 1 ] DEBUG FXGLApplication      - Loading default localization
17:36:55.830 [FXGL Background Thread 4 ] DEBUG FXGLAssetLoaderServi - Loading from file system: jar:file:///C:/Users/Mark/.m2/repository/com/github/almasb/fxgl/17.1/fxgl-17.1.jar!/fxglassets/ui/fonts/VarelaRound-Regular.ttf
17:36:55.830 [FXGL Background Thread 1 ] DEBUG FXGLAssetLoaderServi - Loading from file system: jar:file:///C:/Users/Mark/.m2/repository/com/github/almasb/fxgl/17.1/fxgl-17.1.jar!/fxglassets/languages/english.lang
17:36:55.843 [FXGL Background Thread 1 ] INFO  FXGLApplication      - FXGL initialization took: 0,268 sec
17:36:55.844 [JavaFX Application Thread] DEBUG FXGLAssetLoaderServi - Loading from file system: jar:file:///C:/Users/Mark/.m2/repository/com/github/almasb/fxgl/17.1/fxgl-17.1.jar!/fxglassets/textures/fxgl_icon.png
17:36:55.866 [JavaFX Application Thread] DEBUG FXGLAssetLoaderServi - Loading from file system: jar:file:///C:/Users/Mark/.m2/repository/com/github/almasb/fxgl/17.1/fxgl-17.1.jar!/fxglassets/textures/fxgl_default_cursor.png
17:36:55.876 [JavaFX Application Thread] DEBUG Input                - Registered new binding: Screenshot - CTRL+8
17:36:55.876 [JavaFX Application Thread] DEBUG Input                - Registered new binding: System info dump - CTRL+9
17:36:55.877 [JavaFX Application Thread] DEBUG Input                - Registered new binding: Restart - CTRL+R
17:36:55.877 [JavaFX Application Thread] DEBUG Input                - Registered new binding: Toggle Debug Camera - CTRL+7
17:36:55.879 [JavaFX Application Thread] DEBUG LoopRunner           - Starting loop
17:36:55.879 [JavaFX Application Thread] DEBUG LoopRunner           - Initializing JavaFX AnimationTimerLoop
17:36:55.880 [JavaFX Application Thread] DEBUG GameApplicationServi - Starting new game
17:36:55.880 [JavaFX Application Thread] DEBUG Input                - Clearing active input actions
17:36:55.889 [JavaFX Application Thread] DEBUG GameApplicationServi - Removing overlay from FXGLStartupScene and adding to FXGLLoadingScene
17:36:55.889 [JavaFX Application Thread] DEBUG PrimaryStageWindow   - FXGLStartupScene -> FXGLLoadingScene
17:36:55.889 [JavaFX Application Thread] DEBUG GameApplicationServi - Clearing previous game
17:36:55.889 [JavaFX Application Thread] DEBUG GameScene            - Clearing game scene
17:36:55.889 [JavaFX Application Thread] DEBUG GameWorld            - Clearing game world
17:36:55.890 [JavaFX Application Thread] DEBUG PhysicsWorld         - Clearing physics world
17:36:55.891 [FXGL Background Thread 1 ] DEBUG FXGLApplication      - Initializing game
17:36:55.899 [FXGL Background Thread 4 ] DEBUG FXGLAssetLoaderServi - Loading from file system: jar:file:///C:/Users/Mark/.m2/repository/com/github/almasb/fxgl/17.1/fxgl-17.1.jar!/fxglassets/ui/fonts/Abel-Regular.ttf
17:36:55.900 [FXGL Background Thread 1 ] WARN  FXGLAssetLoaderServi - Asset "/assets/levels/assets/levels/tmx/derDungeon.tmx" was not found!
17:36:55.903 [FXGL Background Thread 4 ] DEBUG FXGLAssetLoaderServi - Loading from file system: jar:file:///C:/Users/Mark/.m2/repository/com/github/almasb/fxgl/17.1/fxgl-17.1.jar!/fxglassets/ui/fonts/TerminalLandMono-Regular.otf
17:36:55.907 [FXGL Background Thread 4 ] DEBUG FXGLAssetLoaderServi - Loading from file system: jar:file:///C:/Users/Mark/.m2/repository/com/github/almasb/fxgl/17.1/fxgl-17.1.jar!/fxglassets/ui/fonts/Courier-Prime.ttf
17:36:55.923 [JavaFX Application Thread] DEBUG LoopRunner           - Stopping loop
17:36:55.924 [JavaFX Application Thread] FATAL FXGLApplication      - Uncaught Exception:
java.lang.RuntimeException: Initialization failed
	at com.almasb.fxgl.all@17.1/com.almasb.fxgl.app.FXGLApplication$InitAppTask.failed(FXGLApplication.kt:343)
	at javafx.graphics@18/javafx.concurrent.Task.setState(Task.java:710)
	at javafx.graphics@18/javafx.concurrent.Task$TaskCallable.lambda$call$2(Task.java:1456)
	at javafx.graphics@18/com.sun.javafx.application.PlatformImpl.lambda$runLater$10(PlatformImpl.java:457)
	at java.base/java.security.AccessController.doPrivileged(AccessController.java:399)
	at javafx.graphics@18/com.sun.javafx.application.PlatformImpl.lambda$runLater$11(PlatformImpl.java:456)
	at javafx.graphics@18/com.sun.glass.ui.InvokeLaterDispatcher$Future.run(InvokeLaterDispatcher.java:96)
	at javafx.graphics@18/com.sun.glass.ui.win.WinApplication._runLoop(Native Method)
	at javafx.graphics@18/com.sun.glass.ui.win.WinApplication.lambda$runLoop$3(WinApplication.java:184)
	at java.base/java.lang.Thread.run(Thread.java:833)
Caused by: java.lang.IllegalArgumentException: Loading level failed. Asset not found: assets/levels/tmx/derDungeon.tmx
	at com.almasb.fxgl.all@17.1/com.almasb.fxgl.app.services.FXGLAssetLoaderService.loadLevel(FXGLAssetLoaderService.kt:443)
	at com.almasb.fxgl.all@17.1/com.almasb.fxgl.dsl.FXGL$Companion.setLevelFromMap(FXGL.kt:634)
	at com.almasb.fxgl.all@17.1/com.almasb.fxgl.dsl.FXGL.setLevelFromMap(FXGL.kt)
	at com.prog.uwupatch/de.prog2.uwupatch1.View.FXGL.DungeonApp.initGame(DungeonApp.java:23)
	at com.almasb.fxgl.all@17.1/com.almasb.fxgl.app.FXGLApplication$InitAppTask.initGame(FXGLApplication.kt:339)
	at com.almasb.fxgl.all@17.1/com.almasb.fxgl.app.FXGLApplication$InitAppTask.call(FXGLApplication.kt:319)
	at com.almasb.fxgl.all@17.1/com.almasb.fxgl.app.FXGLApplication$InitAppTask.call(FXGLApplication.kt:311)
	at javafx.graphics@18/javafx.concurrent.Task$TaskCallable.call(Task.java:1426)
	at java.base/java.util.concurrent.FutureTask.run(FutureTask.java:264)
	at java.base/java.util.concurrent.Executors$RunnableAdapter.call(Executors.java:539)
	at java.base/java.util.concurrent.FutureTask.run(FutureTask.java:264)
	at java.base/java.util.concurrent.ThreadPoolExecutor.runWorker(ThreadPoolExecutor.java:1136)
	at java.base/java.util.concurrent.ThreadPoolExecutor$Worker.run(ThreadPoolExecutor.java:635)
	... 1 more

17:36:55.925 [JavaFX Application Thread] FATAL FXGLApplication      - Application will now exit
17:36:55.943 [JavaFX Application Thread] DEBUG PrimaryStageWindow   - Push state: ErrorSubScene
17:36:55.943 [JavaFX Application Thread] DEBUG Input                - Clearing active input actions
17:36:55.948 [JavaFX Application Thread] DEBUG GameApplicationServi - Removing overlay from FXGLLoadingScene and adding to ErrorSubScene
17:36:55.948 [JavaFX Application Thread] DEBUG PrimaryStageWindow   - FXGLLoadingScene -> ErrorSubScene
17:36:55.948 [JavaFX Application Thread] DEBUG FXGLApplication      - Registering font factories with UI factory
17:36:58.829 [FXGL Background Thread 3 ] DEBUG Engine               - Logging environment variables
17:36:58.829 [FXGL Background Thread 3 ] DEBUG Engine               - achievements: []
17:36:58.829 [FXGL Background Thread 3 ] DEBUG Engine               - actualHeight: 720.0
17:36:58.829 [FXGL Background Thread 3 ] DEBUG Engine               - actualHeightProperty: ReadOnlyDoubleProperty [value: 720.0]
17:36:58.829 [FXGL Background Thread 3 ] DEBUG Engine               - actualWidth: 1280.0
17:36:58.829 [FXGL Background Thread 3 ] DEBUG Engine               - actualWidthProperty: ReadOnlyDoubleProperty [value: 1280.0]
17:36:58.830 [FXGL Background Thread 3 ] DEBUG Engine               - appIcon: fxgl_icon.png
17:36:58.830 [FXGL Background Thread 3 ] DEBUG Engine               - applicationMode: DEVELOPER
17:36:58.830 [FXGL Background Thread 3 ] DEBUG Engine               - cSSList: [fxgl_dark.css]
17:36:58.830 [FXGL Background Thread 3 ] DEBUG Engine               - collisionDetectionStrategy: BRUTE_FORCE
17:36:58.830 [FXGL Background Thread 3 ] DEBUG Engine               - configClass: Optional.empty
17:36:58.830 [FXGL Background Thread 3 ] DEBUG Engine               - credits: []
17:36:58.830 [FXGL Background Thread 3 ] DEBUG Engine               - defaultCursor: CursorInfo(imageName=fxgl_default_cursor.png, hotspotX=7.0, hotspotY=6.0)
17:36:58.830 [FXGL Background Thread 3 ] DEBUG Engine               - devBBoxColorProperty: ObjectProperty [value: 0xff0000ff]
17:36:58.830 [FXGL Background Thread 3 ] DEBUG Engine               - devEnableDebugCameraProperty: BooleanProperty [value: false]
17:36:58.831 [FXGL Background Thread 3 ] DEBUG Engine               - devSensorColorProperty: ObjectProperty [value: 0xffff00ff]
17:36:58.831 [FXGL Background Thread 3 ] DEBUG Engine               - devShowBBoxProperty: BooleanProperty [value: false]
17:36:58.831 [FXGL Background Thread 3 ] DEBUG Engine               - devShowPositionProperty: BooleanProperty [value: false]
17:36:58.831 [FXGL Background Thread 3 ] DEBUG Engine               - enabledMenuItems: []
17:36:58.831 [FXGL Background Thread 3 ] DEBUG Engine               - engineServices: [class com.almasb.fxgl.app.services.FXGLAssetLoaderService, class com.almasb.fxgl.app.FXGLApplication$GameApplicationService, class com.almasb.fxgl.app.services.FXGLDialogService, class com.almasb.fxgl.app.services.IOTaskExecutorService, class com.almasb.fxgl.io.FileSystemService, class com.almasb.fxgl.localization.LocalizationService, class com.almasb.fxgl.app.services.SystemBundleService, class com.almasb.fxgl.profile.SaveLoadService, class com.almasb.fxgl.ui.FXGLUIFactoryServiceProvider, class com.almasb.fxgl.ui.FXGLDialogFactoryServiceProvider, class com.almasb.fxgl.audio.AudioPlayer, class com.almasb.fxgl.notification.impl.NotificationServiceProvider, class com.almasb.fxgl.achievement.AchievementService, class com.almasb.fxgl.cutscene.CutsceneService, class com.almasb.fxgl.minigames.MiniGameService, class com.almasb.fxgl.net.NetService, class com.almasb.fxgl.app.services.UpdaterService, class com.almasb.fxgl.dev.DevService]
17:36:58.831 [FXGL Background Thread 3 ] DEBUG Engine               - fontGame: Abel-Regular.ttf
17:36:58.831 [FXGL Background Thread 3 ] DEBUG Engine               - fontMono: TerminalLandMono-Regular.otf
17:36:58.831 [FXGL Background Thread 3 ] DEBUG Engine               - fontText: Courier-Prime.ttf
17:36:58.831 [FXGL Background Thread 3 ] DEBUG Engine               - fontUI: VarelaRound-Regular.ttf
17:36:58.831 [FXGL Background Thread 3 ] DEBUG Engine               - fullScreen: BooleanProperty [value: false]
17:36:58.831 [FXGL Background Thread 3 ] DEBUG Engine               - gameDifficulty: MEDIUM
17:36:58.832 [FXGL Background Thread 3 ] DEBUG Engine               - gameDifficultyProperty: ObjectProperty [value: MEDIUM]
17:36:58.832 [FXGL Background Thread 3 ] DEBUG Engine               - globalMusicVolume: 0.5
17:36:58.832 [FXGL Background Thread 3 ] DEBUG Engine               - globalMusicVolumeProperty: DoubleProperty [value: 0.5]
17:36:58.832 [FXGL Background Thread 3 ] DEBUG Engine               - globalSoundVolume: 0.5
17:36:58.832 [FXGL Background Thread 3 ] DEBUG Engine               - globalSoundVolumeProperty: DoubleProperty [value: 0.5]
17:36:58.832 [FXGL Background Thread 3 ] DEBUG Engine               - height: 720
17:36:58.832 [FXGL Background Thread 3 ] DEBUG Engine               - is3D: false
17:36:58.832 [FXGL Background Thread 3 ] DEBUG Engine               - isAndroid: false
17:36:58.832 [FXGL Background Thread 3 ] DEBUG Engine               - isBrowser: false
17:36:58.832 [FXGL Background Thread 3 ] DEBUG Engine               - isClickFeedbackEnabled: false
17:36:58.832 [FXGL Background Thread 3 ] DEBUG Engine               - isCloseConfirmation: false
17:36:58.832 [FXGL Background Thread 3 ] DEBUG Engine               - isDesktop: true
17:36:58.832 [FXGL Background Thread 3 ] DEBUG Engine               - isDeveloperMenuEnabled: false
17:36:58.833 [FXGL Background Thread 3 ] DEBUG Engine               - isEmbedded: false
17:36:58.833 [FXGL Background Thread 3 ] DEBUG Engine               - isEntityPreloadEnabled: true
17:36:58.833 [FXGL Background Thread 3 ] DEBUG Engine               - isExperimentalTiledLargeMap: false
17:36:58.833 [FXGL Background Thread 3 ] DEBUG Engine               - isFileSystemWriteAllowed: true
17:36:58.833 [FXGL Background Thread 3 ] DEBUG Engine               - isFullScreenAllowed: false
17:36:58.833 [FXGL Background Thread 3 ] DEBUG Engine               - isFullScreenFromStart: false
17:36:58.833 [FXGL Background Thread 3 ] DEBUG Engine               - isGameMenuEnabled: true
17:36:58.833 [FXGL Background Thread 3 ] DEBUG Engine               - isIOS: false
17:36:58.833 [FXGL Background Thread 3 ] DEBUG Engine               - isIntroEnabled: false
17:36:58.833 [FXGL Background Thread 3 ] DEBUG Engine               - isLinux: false
17:36:58.833 [FXGL Background Thread 3 ] DEBUG Engine               - isMac: false
17:36:58.833 [FXGL Background Thread 3 ] DEBUG Engine               - isMainMenuEnabled: false
17:36:58.833 [FXGL Background Thread 3 ] DEBUG Engine               - isManualResizeEnabled: false
17:36:58.834 [FXGL Background Thread 3 ] DEBUG Engine               - isMobile: false
17:36:58.834 [FXGL Background Thread 3 ] DEBUG Engine               - isNative: false
17:36:58.834 [FXGL Background Thread 3 ] DEBUG Engine               - isPauseMusicWhenMinimized: true
17:36:58.834 [FXGL Background Thread 3 ] DEBUG Engine               - isPreserveResizeRatio: false
17:36:58.834 [FXGL Background Thread 3 ] DEBUG Engine               - isProfilingEnabled: false
17:36:58.834 [FXGL Background Thread 3 ] DEBUG Engine               - isScaleAffectedOnResize: true
17:36:58.834 [FXGL Background Thread 3 ] DEBUG Engine               - isSingleStep: false
17:36:58.834 [FXGL Background Thread 3 ] DEBUG Engine               - isUserProfileEnabled: false
17:36:58.834 [FXGL Background Thread 3 ] DEBUG Engine               - isWindows: true
17:36:58.834 [FXGL Background Thread 3 ] DEBUG Engine               - language: ObjectProperty [value: ENGLISH]
17:36:58.834 [FXGL Background Thread 3 ] DEBUG Engine               - menuKey: ESCAPE
17:36:58.834 [FXGL Background Thread 3 ] DEBUG Engine               - mouseSensitivity: 0.2
17:36:58.834 [FXGL Background Thread 3 ] DEBUG Engine               - notificationViewClass: class com.almasb.fxgl.notification.view.XboxNotificationView
17:36:58.834 [FXGL Background Thread 3 ] DEBUG Engine               - pixelsPerMeter: 50.0
17:36:58.835 [FXGL Background Thread 3 ] DEBUG Engine               - platform: WINDOWS
17:36:58.835 [FXGL Background Thread 3 ] DEBUG Engine               - prefHeightProperty: ReadOnlyDoubleProperty [value: 720.0]
17:36:58.835 [FXGL Background Thread 3 ] DEBUG Engine               - prefWidthProperty: ReadOnlyDoubleProperty [value: 1280.0]
17:36:58.835 [FXGL Background Thread 3 ] DEBUG Engine               - profileDir: profiles/
17:36:58.835 [FXGL Background Thread 3 ] DEBUG Engine               - profileName: StringProperty [value: DEFAULT]
17:36:58.835 [FXGL Background Thread 3 ] DEBUG Engine               - randomSeed: -1
17:36:58.835 [FXGL Background Thread 3 ] DEBUG Engine               - runtimeInfo: RuntimeInfo(platform=WINDOWS, version=17.1, build=24.03.2022 17.34)
17:36:58.835 [FXGL Background Thread 3 ] DEBUG Engine               - saveFileExt: sav
17:36:58.835 [FXGL Background Thread 3 ] DEBUG Engine               - scaledHeightProp$fxgl: DoubleProperty [bound, value: 720.0]
17:36:58.835 [FXGL Background Thread 3 ] DEBUG Engine               - scaledWidthProp$fxgl: DoubleProperty [bound, value: 1280.0]
17:36:58.835 [FXGL Background Thread 3 ] DEBUG Engine               - sceneFactory: com.almasb.fxgl.app.scene.SceneFactory@16531a5c
17:36:58.835 [FXGL Background Thread 3 ] DEBUG Engine               - secondsIn24h: 60
17:36:58.836 [FXGL Background Thread 3 ] DEBUG Engine               - soundMenuBack: menu/back.wav
17:36:58.836 [FXGL Background Thread 3 ] DEBUG Engine               - soundMenuPress: menu/press.wav
17:36:58.836 [FXGL Background Thread 3 ] DEBUG Engine               - soundMenuSelect: menu/select.wav
17:36:58.836 [FXGL Background Thread 3 ] DEBUG Engine               - soundNotification: core/notification.wav
17:36:58.836 [FXGL Background Thread 3 ] DEBUG Engine               - stageStyle: DECORATED
17:36:58.836 [FXGL Background Thread 3 ] DEBUG Engine               - supportedLanguages: [ENGLISH, FRENCH, GERMAN, HUNGARIAN, RUSSIAN]
17:36:58.836 [FXGL Background Thread 3 ] DEBUG Engine               - ticksPerSecond: -1
17:36:58.836 [FXGL Background Thread 3 ] DEBUG Engine               - title: Untitled
17:36:58.836 [FXGL Background Thread 3 ] DEBUG Engine               - urlGithub: https://github.com/AlmasB/FXGL
17:36:58.836 [FXGL Background Thread 3 ] DEBUG Engine               - urlLeaderboard: http://fxgl-top.herokuapp.com/
17:36:58.836 [FXGL Background Thread 3 ] DEBUG Engine               - urlPOM: https://raw.githubusercontent.com/AlmasB/FXGL/release/README.md
17:36:58.836 [FXGL Background Thread 3 ] DEBUG Engine               - userAppClass: class de.prog2.uwupatch1.View.FXGL.DungeonApp
17:36:58.836 [FXGL Background Thread 3 ] DEBUG Engine               - version: 0.0
17:36:58.836 [FXGL Background Thread 3 ] DEBUG Engine               - versionCheckDays: 7
17:36:58.836 [FXGL Background Thread 3 ] DEBUG Engine               - width: 1280
17:36:58.837 [FXGL Background Thread 3 ] DEBUG Engine               - Logging services
17:36:58.837 [FXGL Background Thread 3 ] DEBUG Engine               - class com.almasb.fxgl.app.services.FXGLAssetLoaderService
17:36:58.837 [FXGL Background Thread 3 ] DEBUG Engine               - class com.almasb.fxgl.app.FXGLApplication$GameApplicationService
17:36:58.837 [FXGL Background Thread 3 ] DEBUG Engine               - class com.almasb.fxgl.app.services.FXGLDialogService
17:36:58.837 [FXGL Background Thread 3 ] DEBUG Engine               - class com.almasb.fxgl.app.services.IOTaskExecutorService
17:36:58.837 [FXGL Background Thread 3 ] DEBUG Engine               - class com.almasb.fxgl.io.FileSystemService
17:36:58.837 [FXGL Background Thread 3 ] DEBUG Engine               - class com.almasb.fxgl.localization.LocalizationService
17:36:58.837 [FXGL Background Thread 3 ] DEBUG Engine               - class com.almasb.fxgl.app.services.SystemBundleService
17:36:58.837 [FXGL Background Thread 3 ] DEBUG Engine               - class com.almasb.fxgl.profile.SaveLoadService
17:36:58.837 [FXGL Background Thread 3 ] DEBUG Engine               - class com.almasb.fxgl.ui.FXGLUIFactoryServiceProvider
17:36:58.837 [FXGL Background Thread 3 ] DEBUG Engine               - class com.almasb.fxgl.ui.FXGLDialogFactoryServiceProvider
17:36:58.837 [FXGL Background Thread 3 ] DEBUG Engine               - class com.almasb.fxgl.audio.AudioPlayer
17:36:58.837 [FXGL Background Thread 3 ] DEBUG Engine               - class com.almasb.fxgl.notification.impl.NotificationServiceProvider
17:36:58.837 [FXGL Background Thread 3 ] DEBUG Engine               - class com.almasb.fxgl.achievement.AchievementService
17:36:58.837 [FXGL Background Thread 3 ] DEBUG Engine               - class com.almasb.fxgl.cutscene.CutsceneService
17:36:58.837 [FXGL Background Thread 3 ] DEBUG Engine               - class com.almasb.fxgl.minigames.MiniGameService
17:36:58.838 [FXGL Background Thread 3 ] DEBUG Engine               - class com.almasb.fxgl.net.NetService
17:36:58.838 [FXGL Background Thread 3 ] DEBUG Engine               - class com.almasb.fxgl.app.services.UpdaterService
17:36:58.838 [FXGL Background Thread 3 ] DEBUG Engine               - class com.almasb.fxgl.dev.DevService
17:36:59.177 [JavaFX Application Thread] DEBUG FXGLApplication      - Exiting FXGL
17:36:59.177 [JavaFX Application Thread] DEBUG Async                - Shutting down background threads
17:36:59.178 [JavaFX Application Thread] DEBUG PrimaryStageWindow   - Closing main window
17:36:59.184 [JavaFX Application Thread] DEBUG Logger               - Closing Logger
