17:41:45.096 [main                     ] DEBUG Logger               - Configured Logger
17:41:45.121 [main                     ] DEBUG GameApplication      - Logging settings
Title: Untitled
Version: 0.0
Width: 1280
Height: 720
Fullscreen: false
Intro: false
Profiling: false
Single step:false
App Mode: DEVELOPER
Menu Key: ESCAPE
Stage Style: DECORATED
Scene Factory: class com.almasb.fxgl.app.scene.SceneFactory

17:41:45.455 [JavaFX Application Thread] DEBUG FXGLApplication      - Initializing FXGL
17:41:45.459 [JavaFX Application Thread] INFO  Engine               - FXGL-17.1 (24.03.2022 17.34) on WINDOWS (J:17.0.3.1 FX:18)
17:41:45.460 [JavaFX Application Thread] DEBUG Engine               - JRE Vendor Name: Oracle Corporation
17:41:45.460 [JavaFX Application Thread] DEBUG Engine               - Running on OS: Windows 10 version 10.0
17:41:45.460 [JavaFX Application Thread] DEBUG Engine               - Architecture: amd64
17:41:45.460 [JavaFX Application Thread] INFO  Engine               - Source code and latest versions at: https://github.com/AlmasB/FXGL
17:41:45.460 [JavaFX Application Thread] INFO  Engine               -       Ask questions and discuss at: https://github.com/AlmasB/FXGL/discussions
17:41:45.460 [JavaFX Application Thread] INFO  Engine               -              Join the FXGL chat at: https://gitter.im/AlmasB/FXGL
17:41:45.524 [JavaFX Application Thread] DEBUG PrimaryStageWindow   - Creating a JavaFX scene
17:41:45.555 [JavaFX Application Thread] DEBUG PrimaryStageWindow   - Target settings size: 1280.0 x 720.0
17:41:45.556 [JavaFX Application Thread] DEBUG PrimaryStageWindow   - Scaled scene size:    1280.0 x 720.0
17:41:45.556 [JavaFX Application Thread] DEBUG PrimaryStageWindow   - Scaled ratio: (1.0, 1.0)
17:41:45.556 [JavaFX Application Thread] DEBUG PrimaryStageWindow   - Set initial scene to FXGLStartupScene
17:41:45.561 [JavaFX Application Thread] DEBUG PrimaryStageWindow   - Opening main window
17:41:45.623 [JavaFX Application Thread] DEBUG PrimaryStageWindow   - Window border size: (16.0, 39.0)
17:41:45.623 [JavaFX Application Thread] DEBUG PrimaryStageWindow   - Scaled size: 1280.0 x 720.0
17:41:45.623 [JavaFX Application Thread] DEBUG PrimaryStageWindow   - Scaled ratio: (1.0, 1.0)
17:41:45.624 [JavaFX Application Thread] DEBUG PrimaryStageWindow   - Scene size: 1280.0 x 720.0
17:41:45.624 [JavaFX Application Thread] DEBUG PrimaryStageWindow   - Stage size: 1296.0 x 759.0
17:41:45.629 [FXGL Background Thread 1 ] DEBUG Engine               - Initializing environment variables
17:41:45.651 [FXGL Background Thread 1 ] DEBUG FXGLAssetLoaderServi - User app class for loading assets: class de.prog2.uwupatch1.View.FXGL.DungeonApp
17:41:45.651 [FXGL Background Thread 1 ] DEBUG GameApplicationServi - Applying CSS: fxgl_dark.css
17:41:45.652 [FXGL Background Thread 1 ] DEBUG FXGLAssetLoaderServi - Loading from file system: jar:file:///C:/Users/Mark/.m2/repository/com/github/almasb/fxgl/17.1/fxgl-17.1.jar!/fxglassets/ui/css/fxgl_dark.css
17:41:45.682 [FXGL Background Thread 1 ] DEBUG GameApplicationServi - Initializing application scenes
17:41:45.705 [FXGL Background Thread 1 ] DEBUG GameWorld            - Game world initialized
17:41:45.751 [FXGL Background Thread 1 ] DEBUG PhysicsWorld         - Physics world initialized: appHeight=720, physics.ppm=50,0
17:41:45.752 [FXGL Background Thread 1 ] DEBUG PhysicsWorld         - Using strategy: BRUTE_FORCE
17:41:45.754 [FXGL Background Thread 1 ] DEBUG GameScene            - Game scene initialized: 1280x720
17:41:45.765 [FXGL Background Thread 1 ] DEBUG FXGL.DefaultMenu     - createMenuBodyGameMenu()
17:41:45.773 [FXGL Background Thread 1 ] DEBUG FXGL.DefaultMenu     - createOptionsMenu()
17:41:45.780 [FXGL Background Thread 1 ] DEBUG FXGLAssetLoaderServi - Loading from file system: jar:file:///C:/Users/Mark/.m2/repository/com/github/almasb/fxgl/17.1/fxgl-17.1.jar!/fxglassets/textures/particles/smoke.png
17:41:45.841 [FXGL Background Thread 1 ] DEBUG FXGLAssetLoaderServi - Loading from file system: jar:file:///C:/Users/Mark/.m2/repository/com/github/almasb/fxgl/17.1/fxgl-17.1.jar!/fxglassets/textures/particles/trace_horizontal.png
17:41:45.863 [FXGL Background Thread 1 ] DEBUG GameApplicationServi - Application scenes initialized
17:41:45.871 [FXGL Background Thread 1 ] DEBUG SystemBundleService  - Loading FXGL system data
17:41:45.873 [FXGL Background Thread 1 ] WARN  SystemBundleService  - Failed to load: java.io.FileNotFoundException: C:\Users\Mark\IdeaProjects\DungeonTop-Uwu\system\fxgl.bundle (Das System kann die angegebene Datei nicht finden)
17:41:45.873 [FXGL Background Thread 1 ] DEBUG SystemBundleService  - Loading default FXGL system data
17:41:45.873 [FXGL Background Thread 1 ] DEBUG UpdaterService       - Checking for updates
17:41:45.876 [FXGL Background Thread 4 ] DEBUG FXGLApplication      - Loading fonts
17:41:45.876 [FXGL Background Thread 1 ] DEBUG FXGLApplication      - Loading default localization
17:41:45.876 [FXGL Background Thread 4 ] DEBUG FXGLAssetLoaderServi - Loading from file system: jar:file:///C:/Users/Mark/.m2/repository/com/github/almasb/fxgl/17.1/fxgl-17.1.jar!/fxglassets/ui/fonts/VarelaRound-Regular.ttf
17:41:45.877 [FXGL Background Thread 1 ] DEBUG FXGLAssetLoaderServi - Loading from file system: jar:file:///C:/Users/Mark/.m2/repository/com/github/almasb/fxgl/17.1/fxgl-17.1.jar!/fxglassets/languages/english.lang
17:41:45.887 [FXGL Background Thread 1 ] INFO  FXGLApplication      - FXGL initialization took: 0,258 sec
17:41:45.888 [JavaFX Application Thread] DEBUG FXGLAssetLoaderServi - Loading from file system: jar:file:///C:/Users/Mark/.m2/repository/com/github/almasb/fxgl/17.1/fxgl-17.1.jar!/fxglassets/textures/fxgl_icon.png
17:41:45.904 [JavaFX Application Thread] DEBUG FXGLAssetLoaderServi - Loading from file system: jar:file:///C:/Users/Mark/.m2/repository/com/github/almasb/fxgl/17.1/fxgl-17.1.jar!/fxglassets/textures/fxgl_default_cursor.png
17:41:45.913 [JavaFX Application Thread] DEBUG Input                - Registered new binding: Screenshot - CTRL+8
17:41:45.913 [JavaFX Application Thread] DEBUG Input                - Registered new binding: System info dump - CTRL+9
17:41:45.913 [JavaFX Application Thread] DEBUG Input                - Registered new binding: Restart - CTRL+R
17:41:45.914 [JavaFX Application Thread] DEBUG Input                - Registered new binding: Toggle Debug Camera - CTRL+7
17:41:45.915 [JavaFX Application Thread] DEBUG LoopRunner           - Starting loop
17:41:45.915 [JavaFX Application Thread] DEBUG LoopRunner           - Initializing JavaFX AnimationTimerLoop
17:41:45.916 [JavaFX Application Thread] DEBUG GameApplicationServi - Starting new game
17:41:45.916 [JavaFX Application Thread] DEBUG Input                - Clearing active input actions
17:41:45.925 [JavaFX Application Thread] DEBUG GameApplicationServi - Removing overlay from FXGLStartupScene and adding to FXGLLoadingScene
17:41:45.925 [JavaFX Application Thread] DEBUG PrimaryStageWindow   - FXGLStartupScene -> FXGLLoadingScene
17:41:45.925 [JavaFX Application Thread] DEBUG GameApplicationServi - Clearing previous game
17:41:45.925 [JavaFX Application Thread] DEBUG GameScene            - Clearing game scene
17:41:45.925 [JavaFX Application Thread] DEBUG GameWorld            - Clearing game world
17:41:45.925 [JavaFX Application Thread] DEBUG PhysicsWorld         - Clearing physics world
17:41:45.927 [FXGL Background Thread 1 ] DEBUG FXGLApplication      - Initializing game
17:41:45.936 [FXGL Background Thread 1 ] WARN  FXGLAssetLoaderServi - Asset "/assets/levels/tmx\derDungeon.tmx" was not found!
17:41:45.942 [FXGL Background Thread 4 ] DEBUG FXGLAssetLoaderServi - Loading from file system: jar:file:///C:/Users/Mark/.m2/repository/com/github/almasb/fxgl/17.1/fxgl-17.1.jar!/fxglassets/ui/fonts/Abel-Regular.ttf
17:41:45.946 [FXGL Background Thread 4 ] DEBUG FXGLAssetLoaderServi - Loading from file system: jar:file:///C:/Users/Mark/.m2/repository/com/github/almasb/fxgl/17.1/fxgl-17.1.jar!/fxglassets/ui/fonts/TerminalLandMono-Regular.otf
17:41:45.950 [FXGL Background Thread 4 ] DEBUG FXGLAssetLoaderServi - Loading from file system: jar:file:///C:/Users/Mark/.m2/repository/com/github/almasb/fxgl/17.1/fxgl-17.1.jar!/fxglassets/ui/fonts/Courier-Prime.ttf
17:41:45.963 [JavaFX Application Thread] DEBUG LoopRunner           - Stopping loop
17:41:45.965 [JavaFX Application Thread] FATAL FXGLApplication      - Uncaught Exception:
java.lang.RuntimeException: Initialization failed
	at com.almasb.fxgl.all@17.1/com.almasb.fxgl.app.FXGLApplication$InitAppTask.failed(FXGLApplication.kt:343)
	at javafx.graphics@18/javafx.concurrent.Task.setState(Task.java:710)
	at javafx.graphics@18/javafx.concurrent.Task$TaskCallable.lambda$call$2(Task.java:1456)
	at javafx.graphics@18/com.sun.javafx.application.PlatformImpl.lambda$runLater$10(PlatformImpl.java:457)
	at java.base/java.security.AccessController.doPrivileged(AccessController.java:399)
	at javafx.graphics@18/com.sun.javafx.application.PlatformImpl.lambda$runLater$11(PlatformImpl.java:456)
	at javafx.graphics@18/com.sun.glass.ui.InvokeLaterDispatcher$Future.run(InvokeLaterDispatcher.java:96)
	at javafx.graphics@18/com.sun.glass.ui.win.WinApplication._runLoop(Native Method)
	at javafx.graphics@18/com.sun.glass.ui.win.WinApplication.lambda$runLoop$3(WinApplication.java:184)
	at java.base/java.lang.Thread.run(Thread.java:833)
Caused by: java.lang.IllegalArgumentException: Loading level failed. Asset not found: tmx\derDungeon.tmx
	at com.almasb.fxgl.all@17.1/com.almasb.fxgl.app.services.FXGLAssetLoaderService.loadLevel(FXGLAssetLoaderService.kt:443)
	at com.almasb.fxgl.all@17.1/com.almasb.fxgl.dsl.FXGL$Companion.setLevelFromMap(FXGL.kt:634)
	at com.almasb.fxgl.all@17.1/com.almasb.fxgl.dsl.FXGL.setLevelFromMap(FXGL.kt)
	at com.prog.uwupatch/de.prog2.uwupatch1.View.FXGL.DungeonApp.initGame(DungeonApp.java:23)
	at com.almasb.fxgl.all@17.1/com.almasb.fxgl.app.FXGLApplication$InitAppTask.initGame(FXGLApplication.kt:339)
	at com.almasb.fxgl.all@17.1/com.almasb.fxgl.app.FXGLApplication$InitAppTask.call(FXGLApplication.kt:319)
	at com.almasb.fxgl.all@17.1/com.almasb.fxgl.app.FXGLApplication$InitAppTask.call(FXGLApplication.kt:311)
	at javafx.graphics@18/javafx.concurrent.Task$TaskCallable.call(Task.java:1426)
	at java.base/java.util.concurrent.FutureTask.run(FutureTask.java:264)
	at java.base/java.util.concurrent.Executors$RunnableAdapter.call(Executors.java:539)
	at java.base/java.util.concurrent.FutureTask.run(FutureTask.java:264)
	at java.base/java.util.concurrent.ThreadPoolExecutor.runWorker(ThreadPoolExecutor.java:1136)
	at java.base/java.util.concurrent.ThreadPoolExecutor$Worker.run(ThreadPoolExecutor.java:635)
	... 1 more

17:41:45.966 [JavaFX Application Thread] FATAL FXGLApplication      - Application will now exit
17:41:45.980 [JavaFX Application Thread] DEBUG PrimaryStageWindow   - Push state: ErrorSubScene
17:41:45.980 [JavaFX Application Thread] DEBUG Input                - Clearing active input actions
17:41:45.985 [JavaFX Application Thread] DEBUG GameApplicationServi - Removing overlay from FXGLLoadingScene and adding to ErrorSubScene
17:41:45.985 [JavaFX Application Thread] DEBUG PrimaryStageWindow   - FXGLLoadingScene -> ErrorSubScene
17:41:45.985 [JavaFX Application Thread] DEBUG FXGLApplication      - Registering font factories with UI factory
17:41:48.876 [FXGL Background Thread 3 ] DEBUG Engine               - Logging environment variables
17:41:48.876 [FXGL Background Thread 3 ] DEBUG Engine               - achievements: []
17:41:48.876 [FXGL Background Thread 3 ] DEBUG Engine               - actualHeight: 720.0
17:41:48.876 [FXGL Background Thread 3 ] DEBUG Engine               - actualHeightProperty: ReadOnlyDoubleProperty [value: 720.0]
17:41:48.876 [FXGL Background Thread 3 ] DEBUG Engine               - actualWidth: 1280.0
17:41:48.876 [FXGL Background Thread 3 ] DEBUG Engine               - actualWidthProperty: ReadOnlyDoubleProperty [value: 1280.0]
17:41:48.877 [FXGL Background Thread 3 ] DEBUG Engine               - appIcon: fxgl_icon.png
17:41:48.877 [FXGL Background Thread 3 ] DEBUG Engine               - applicationMode: DEVELOPER
17:41:48.877 [FXGL Background Thread 3 ] DEBUG Engine               - cSSList: [fxgl_dark.css]
17:41:48.877 [FXGL Background Thread 3 ] DEBUG Engine               - collisionDetectionStrategy: BRUTE_FORCE
17:41:48.877 [FXGL Background Thread 3 ] DEBUG Engine               - configClass: Optional.empty
17:41:48.877 [FXGL Background Thread 3 ] DEBUG Engine               - credits: []
17:41:48.877 [FXGL Background Thread 3 ] DEBUG Engine               - defaultCursor: CursorInfo(imageName=fxgl_default_cursor.png, hotspotX=7.0, hotspotY=6.0)
17:41:48.877 [FXGL Background Thread 3 ] DEBUG Engine               - devBBoxColorProperty: ObjectProperty [value: 0xff0000ff]
17:41:48.877 [FXGL Background Thread 3 ] DEBUG Engine               - devEnableDebugCameraProperty: BooleanProperty [value: false]
17:41:48.877 [FXGL Background Thread 3 ] DEBUG Engine               - devSensorColorProperty: ObjectProperty [value: 0xffff00ff]
17:41:48.878 [FXGL Background Thread 3 ] DEBUG Engine               - devShowBBoxProperty: BooleanProperty [value: false]
17:41:48.878 [FXGL Background Thread 3 ] DEBUG Engine               - devShowPositionProperty: BooleanProperty [value: false]
17:41:48.878 [FXGL Background Thread 3 ] DEBUG Engine               - enabledMenuItems: []
17:41:48.878 [FXGL Background Thread 3 ] DEBUG Engine               - engineServices: [class com.almasb.fxgl.app.services.FXGLAssetLoaderService, class com.almasb.fxgl.app.FXGLApplication$GameApplicationService, class com.almasb.fxgl.app.services.FXGLDialogService, class com.almasb.fxgl.app.services.IOTaskExecutorService, class com.almasb.fxgl.io.FileSystemService, class com.almasb.fxgl.localization.LocalizationService, class com.almasb.fxgl.app.services.SystemBundleService, class com.almasb.fxgl.profile.SaveLoadService, class com.almasb.fxgl.ui.FXGLUIFactoryServiceProvider, class com.almasb.fxgl.ui.FXGLDialogFactoryServiceProvider, class com.almasb.fxgl.audio.AudioPlayer, class com.almasb.fxgl.notification.impl.NotificationServiceProvider, class com.almasb.fxgl.achievement.AchievementService, class com.almasb.fxgl.cutscene.CutsceneService, class com.almasb.fxgl.minigames.MiniGameService, class com.almasb.fxgl.net.NetService, class com.almasb.fxgl.app.services.UpdaterService, class com.almasb.fxgl.dev.DevService]
17:41:48.878 [FXGL Background Thread 3 ] DEBUG Engine               - fontGame: Abel-Regular.ttf
17:41:48.878 [FXGL Background Thread 3 ] DEBUG Engine               - fontMono: TerminalLandMono-Regular.otf
17:41:48.878 [FXGL Background Thread 3 ] DEBUG Engine               - fontText: Courier-Prime.ttf
17:41:48.878 [FXGL Background Thread 3 ] DEBUG Engine               - fontUI: VarelaRound-Regular.ttf
17:41:48.878 [FXGL Background Thread 3 ] DEBUG Engine               - fullScreen: BooleanProperty [value: false]
17:41:48.878 [FXGL Background Thread 3 ] DEBUG Engine               - gameDifficulty: MEDIUM
17:41:48.878 [FXGL Background Thread 3 ] DEBUG Engine               - gameDifficultyProperty: ObjectProperty [value: MEDIUM]
17:41:48.878 [FXGL Background Thread 3 ] DEBUG Engine               - globalMusicVolume: 0.5
17:41:48.878 [FXGL Background Thread 3 ] DEBUG Engine               - globalMusicVolumeProperty: DoubleProperty [value: 0.5]
17:41:48.878 [FXGL Background Thread 3 ] DEBUG Engine               - globalSoundVolume: 0.5
17:41:48.878 [FXGL Background Thread 3 ] DEBUG Engine               - globalSoundVolumeProperty: DoubleProperty [value: 0.5]
17:41:48.879 [FXGL Background Thread 3 ] DEBUG Engine               - height: 720
17:41:48.879 [FXGL Background Thread 3 ] DEBUG Engine               - is3D: false
17:41:48.879 [FXGL Background Thread 3 ] DEBUG Engine               - isAndroid: false
17:41:48.879 [FXGL Background Thread 3 ] DEBUG Engine               - isBrowser: false
17:41:48.879 [FXGL Background Thread 3 ] DEBUG Engine               - isClickFeedbackEnabled: false
17:41:48.879 [FXGL Background Thread 3 ] DEBUG Engine               - isCloseConfirmation: false
17:41:48.879 [FXGL Background Thread 3 ] DEBUG Engine               - isDesktop: true
17:41:48.879 [FXGL Background Thread 3 ] DEBUG Engine               - isDeveloperMenuEnabled: false
17:41:48.879 [FXGL Background Thread 3 ] DEBUG Engine               - isEmbedded: false
17:41:48.879 [FXGL Background Thread 3 ] DEBUG Engine               - isEntityPreloadEnabled: true
17:41:48.879 [FXGL Background Thread 3 ] DEBUG Engine               - isExperimentalTiledLargeMap: false
17:41:48.879 [FXGL Background Thread 3 ] DEBUG Engine               - isFileSystemWriteAllowed: true
17:41:48.879 [FXGL Background Thread 3 ] DEBUG Engine               - isFullScreenAllowed: false
17:41:48.879 [FXGL Background Thread 3 ] DEBUG Engine               - isFullScreenFromStart: false
17:41:48.879 [FXGL Background Thread 3 ] DEBUG Engine               - isGameMenuEnabled: true
17:41:48.879 [FXGL Background Thread 3 ] DEBUG Engine               - isIOS: false
17:41:48.879 [FXGL Background Thread 3 ] DEBUG Engine               - isIntroEnabled: false
17:41:48.880 [FXGL Background Thread 3 ] DEBUG Engine               - isLinux: false
17:41:48.880 [FXGL Background Thread 3 ] DEBUG Engine               - isMac: false
17:41:48.880 [FXGL Background Thread 3 ] DEBUG Engine               - isMainMenuEnabled: false
17:41:48.880 [FXGL Background Thread 3 ] DEBUG Engine               - isManualResizeEnabled: false
17:41:48.880 [FXGL Background Thread 3 ] DEBUG Engine               - isMobile: false
17:41:48.880 [FXGL Background Thread 3 ] DEBUG Engine               - isNative: false
17:41:48.880 [FXGL Background Thread 3 ] DEBUG Engine               - isPauseMusicWhenMinimized: true
17:41:48.880 [FXGL Background Thread 3 ] DEBUG Engine               - isPreserveResizeRatio: false
17:41:48.880 [FXGL Background Thread 3 ] DEBUG Engine               - isProfilingEnabled: false
17:41:48.880 [FXGL Background Thread 3 ] DEBUG Engine               - isScaleAffectedOnResize: true
17:41:48.880 [FXGL Background Thread 3 ] DEBUG Engine               - isSingleStep: false
17:41:48.880 [FXGL Background Thread 3 ] DEBUG Engine               - isUserProfileEnabled: false
17:41:48.881 [FXGL Background Thread 3 ] DEBUG Engine               - isWindows: true
17:41:48.881 [FXGL Background Thread 3 ] DEBUG Engine               - language: ObjectProperty [value: ENGLISH]
17:41:48.881 [FXGL Background Thread 3 ] DEBUG Engine               - menuKey: ESCAPE
17:41:48.881 [FXGL Background Thread 3 ] DEBUG Engine               - mouseSensitivity: 0.2
17:41:48.881 [FXGL Background Thread 3 ] DEBUG Engine               - notificationViewClass: class com.almasb.fxgl.notification.view.XboxNotificationView
17:41:48.881 [FXGL Background Thread 3 ] DEBUG Engine               - pixelsPerMeter: 50.0
17:41:48.881 [FXGL Background Thread 3 ] DEBUG Engine               - platform: WINDOWS
17:41:48.881 [FXGL Background Thread 3 ] DEBUG Engine               - prefHeightProperty: ReadOnlyDoubleProperty [value: 720.0]
17:41:48.881 [FXGL Background Thread 3 ] DEBUG Engine               - prefWidthProperty: ReadOnlyDoubleProperty [value: 1280.0]
17:41:48.881 [FXGL Background Thread 3 ] DEBUG Engine               - profileDir: profiles/
17:41:48.881 [FXGL Background Thread 3 ] DEBUG Engine               - profileName: StringProperty [value: DEFAULT]
17:41:48.881 [FXGL Background Thread 3 ] DEBUG Engine               - randomSeed: -1
17:41:48.882 [FXGL Background Thread 3 ] DEBUG Engine               - runtimeInfo: RuntimeInfo(platform=WINDOWS, version=17.1, build=24.03.2022 17.34)
17:41:48.882 [FXGL Background Thread 3 ] DEBUG Engine               - saveFileExt: sav
17:41:48.882 [FXGL Background Thread 3 ] DEBUG Engine               - scaledHeightProp$fxgl: DoubleProperty [bound, value: 720.0]
17:41:48.882 [FXGL Background Thread 3 ] DEBUG Engine               - scaledWidthProp$fxgl: DoubleProperty [bound, value: 1280.0]
17:41:48.882 [FXGL Background Thread 3 ] DEBUG Engine               - sceneFactory: com.almasb.fxgl.app.scene.SceneFactory@240482af
17:41:48.882 [FXGL Background Thread 3 ] DEBUG Engine               - secondsIn24h: 60
17:41:48.882 [FXGL Background Thread 3 ] DEBUG Engine               - soundMenuBack: menu/back.wav
17:41:48.882 [FXGL Background Thread 3 ] DEBUG Engine               - soundMenuPress: menu/press.wav
17:41:48.882 [FXGL Background Thread 3 ] DEBUG Engine               - soundMenuSelect: menu/select.wav
17:41:48.882 [FXGL Background Thread 3 ] DEBUG Engine               - soundNotification: core/notification.wav
17:41:48.882 [FXGL Background Thread 3 ] DEBUG Engine               - stageStyle: DECORATED
17:41:48.882 [FXGL Background Thread 3 ] DEBUG Engine               - supportedLanguages: [ENGLISH, FRENCH, GERMAN, HUNGARIAN, RUSSIAN]
17:41:48.883 [FXGL Background Thread 3 ] DEBUG Engine               - ticksPerSecond: -1
17:41:48.883 [FXGL Background Thread 3 ] DEBUG Engine               - title: Untitled
17:41:48.883 [FXGL Background Thread 3 ] DEBUG Engine               - urlGithub: https://github.com/AlmasB/FXGL
17:41:48.883 [FXGL Background Thread 3 ] DEBUG Engine               - urlLeaderboard: http://fxgl-top.herokuapp.com/
17:41:48.883 [FXGL Background Thread 3 ] DEBUG Engine               - urlPOM: https://raw.githubusercontent.com/AlmasB/FXGL/release/README.md
17:41:48.883 [FXGL Background Thread 3 ] DEBUG Engine               - userAppClass: class de.prog2.uwupatch1.View.FXGL.DungeonApp
17:41:48.883 [FXGL Background Thread 3 ] DEBUG Engine               - version: 0.0
17:41:48.883 [FXGL Background Thread 3 ] DEBUG Engine               - versionCheckDays: 7
17:41:48.883 [FXGL Background Thread 3 ] DEBUG Engine               - width: 1280
17:41:48.883 [FXGL Background Thread 3 ] DEBUG Engine               - Logging services
17:41:48.883 [FXGL Background Thread 3 ] DEBUG Engine               - class com.almasb.fxgl.app.services.FXGLAssetLoaderService
17:41:48.883 [FXGL Background Thread 3 ] DEBUG Engine               - class com.almasb.fxgl.app.FXGLApplication$GameApplicationService
17:41:48.884 [FXGL Background Thread 3 ] DEBUG Engine               - class com.almasb.fxgl.app.services.FXGLDialogService
17:41:48.884 [FXGL Background Thread 3 ] DEBUG Engine               - class com.almasb.fxgl.app.services.IOTaskExecutorService
17:41:48.884 [FXGL Background Thread 3 ] DEBUG Engine               - class com.almasb.fxgl.io.FileSystemService
17:41:48.884 [FXGL Background Thread 3 ] DEBUG Engine               - class com.almasb.fxgl.localization.LocalizationService
17:41:48.884 [FXGL Background Thread 3 ] DEBUG Engine               - class com.almasb.fxgl.app.services.SystemBundleService
17:41:48.884 [FXGL Background Thread 3 ] DEBUG Engine               - class com.almasb.fxgl.profile.SaveLoadService
17:41:48.884 [FXGL Background Thread 3 ] DEBUG Engine               - class com.almasb.fxgl.ui.FXGLUIFactoryServiceProvider
17:41:48.884 [FXGL Background Thread 3 ] DEBUG Engine               - class com.almasb.fxgl.ui.FXGLDialogFactoryServiceProvider
17:41:48.884 [FXGL Background Thread 3 ] DEBUG Engine               - class com.almasb.fxgl.audio.AudioPlayer
17:41:48.884 [FXGL Background Thread 3 ] DEBUG Engine               - class com.almasb.fxgl.notification.impl.NotificationServiceProvider
17:41:48.884 [FXGL Background Thread 3 ] DEBUG Engine               - class com.almasb.fxgl.achievement.AchievementService
17:41:48.884 [FXGL Background Thread 3 ] DEBUG Engine               - class com.almasb.fxgl.cutscene.CutsceneService
17:41:48.884 [FXGL Background Thread 3 ] DEBUG Engine               - class com.almasb.fxgl.minigames.MiniGameService
17:41:48.884 [FXGL Background Thread 3 ] DEBUG Engine               - class com.almasb.fxgl.net.NetService
17:41:48.884 [FXGL Background Thread 3 ] DEBUG Engine               - class com.almasb.fxgl.app.services.UpdaterService
17:41:48.885 [FXGL Background Thread 3 ] DEBUG Engine               - class com.almasb.fxgl.dev.DevService
17:41:50.896 [JavaFX Application Thread] DEBUG FXGLApplication      - Exiting FXGL
17:41:50.896 [JavaFX Application Thread] DEBUG Async                - Shutting down background threads
17:41:50.897 [JavaFX Application Thread] DEBUG PrimaryStageWindow   - Closing main window
17:41:50.904 [JavaFX Application Thread] DEBUG Logger               - Closing Logger
