15:40:34.851 [main                     ] DEBUG Logger               - Configured Logger
15:40:34.973 [main                     ] DEBUG GameApplication      - Logging settings
Title: Untitled
Version: 0.0
Width: 1280
Height: 720
Fullscreen: false
Intro: false
Profiling: false
Single step:false
App Mode: DEVELOPER
Menu Key: ESCAPE
Stage Style: DECORATED
Scene Factory: class com.almasb.fxgl.app.scene.SceneFactory

15:40:35.579 [JavaFX Application Thread] DEBUG FXGLApplication      - Initializing FXGL
15:40:35.592 [JavaFX Application Thread] INFO  Engine               - FXGL-17.1 (24.03.2022 17.34) on WINDOWS (J:17.0.2 FX:18)
15:40:35.593 [JavaFX Application Thread] DEBUG Engine               - JRE Vendor Name: Oracle Corporation
15:40:35.594 [JavaFX Application Thread] DEBUG Engine               - Running on OS: Windows 10 version 10.0
15:40:35.595 [JavaFX Application Thread] DEBUG Engine               - Architecture: amd64
15:40:35.595 [JavaFX Application Thread] INFO  Engine               - Source code and latest versions at: https://github.com/AlmasB/FXGL
15:40:35.596 [JavaFX Application Thread] INFO  Engine               -       Ask questions and discuss at: https://github.com/AlmasB/FXGL/discussions
15:40:35.597 [JavaFX Application Thread] INFO  Engine               -              Join the FXGL chat at: https://gitter.im/AlmasB/FXGL
15:40:35.775 [JavaFX Application Thread] DEBUG PrimaryStageWindow   - Creating a JavaFX scene
15:40:35.863 [JavaFX Application Thread] DEBUG PrimaryStageWindow   - Target settings size: 1280.0 x 720.0
15:40:35.864 [JavaFX Application Thread] DEBUG PrimaryStageWindow   - Scaled scene size:    1280.0 x 720.0
15:40:35.864 [JavaFX Application Thread] DEBUG PrimaryStageWindow   - Scaled ratio: (1.0, 1.0)
15:40:35.867 [JavaFX Application Thread] DEBUG PrimaryStageWindow   - Set initial scene to FXGLStartupScene
15:40:35.880 [JavaFX Application Thread] DEBUG PrimaryStageWindow   - Opening main window
15:40:36.035 [JavaFX Application Thread] DEBUG PrimaryStageWindow   - Window border size: (14.4000244140625, 37.5999755859375)
15:40:36.035 [JavaFX Application Thread] DEBUG PrimaryStageWindow   - Scaled size: 1280.0 x 720.0
15:40:36.036 [JavaFX Application Thread] DEBUG PrimaryStageWindow   - Scaled ratio: (1.0, 1.0)
15:40:36.039 [JavaFX Application Thread] DEBUG PrimaryStageWindow   - Scene size: 1280.0 x 720.0
15:40:36.042 [JavaFX Application Thread] DEBUG PrimaryStageWindow   - Stage size: 1294.4000244140625 x 757.5999755859375
15:40:36.428 [FXGL Background Thread 1 ] DEBUG Engine               - Initializing environment variables
15:40:36.500 [FXGL Background Thread 1 ] DEBUG FXGLAssetLoaderServi - User app class for loading assets: class de.prog2.uwupatch1.View.FXGL.DungeonApp
15:40:36.501 [FXGL Background Thread 1 ] DEBUG GameApplicationServi - Applying CSS: fxgl_dark.css
15:40:36.503 [FXGL Background Thread 1 ] DEBUG FXGLAssetLoaderServi - Loading from file system: jar:file:///C:/Users/Niclas/.m2/repository/com/github/almasb/fxgl/17.1/fxgl-17.1.jar!/fxglassets/ui/css/fxgl_dark.css
15:40:36.620 [FXGL Background Thread 1 ] DEBUG GameApplicationServi - Initializing application scenes
15:40:36.855 [FXGL Background Thread 1 ] DEBUG GameWorld            - Game world initialized
15:40:36.969 [FXGL Background Thread 1 ] DEBUG PhysicsWorld         - Physics world initialized: appHeight=720, physics.ppm=50,0
15:40:36.970 [FXGL Background Thread 1 ] DEBUG PhysicsWorld         - Using strategy: BRUTE_FORCE
15:40:36.978 [FXGL Background Thread 1 ] DEBUG GameScene            - Game scene initialized: 1280x720
15:40:37.004 [FXGL Background Thread 1 ] DEBUG FXGL.DefaultMenu     - createMenuBodyGameMenu()
15:40:37.031 [FXGL Background Thread 1 ] DEBUG FXGL.DefaultMenu     - createOptionsMenu()
15:40:37.065 [FXGL Background Thread 1 ] DEBUG FXGLAssetLoaderServi - Loading from file system: jar:file:///C:/Users/Niclas/.m2/repository/com/github/almasb/fxgl/17.1/fxgl-17.1.jar!/fxglassets/textures/particles/smoke.png
15:40:37.364 [FXGL Background Thread 1 ] DEBUG FXGLAssetLoaderServi - Loading from file system: jar:file:///C:/Users/Niclas/.m2/repository/com/github/almasb/fxgl/17.1/fxgl-17.1.jar!/fxglassets/textures/particles/trace_horizontal.png
15:40:37.413 [FXGL Background Thread 1 ] DEBUG GameApplicationServi - Application scenes initialized
15:40:37.510 [FXGL Background Thread 1 ] DEBUG SystemBundleService  - Loading default FXGL system data
15:40:37.511 [FXGL Background Thread 1 ] DEBUG UpdaterService       - Checking for updates
15:40:37.519 [FXGL Background Thread 1 ] DEBUG FXGLApplication      - Loading default localization
15:40:37.520 [FXGL Background Thread 1 ] DEBUG FXGLAssetLoaderServi - Loading from file system: jar:file:///C:/Users/Niclas/.m2/repository/com/github/almasb/fxgl/17.1/fxgl-17.1.jar!/fxglassets/languages/english.lang
15:40:37.556 [FXGL Background Thread 1 ] INFO  FXGLApplication      - FXGL initialization took: 1,127 sec
15:40:37.559 [JavaFX Application Thread] DEBUG FXGLAssetLoaderServi - Loading from file system: jar:file:///C:/Users/Niclas/.m2/repository/com/github/almasb/fxgl/17.1/fxgl-17.1.jar!/fxglassets/textures/fxgl_icon.png
15:40:37.599 [JavaFX Application Thread] DEBUG FXGLAssetLoaderServi - Loading from file system: jar:file:///C:/Users/Niclas/.m2/repository/com/github/almasb/fxgl/17.1/fxgl-17.1.jar!/fxglassets/textures/fxgl_default_cursor.png
15:40:37.618 [JavaFX Application Thread] DEBUG Input                - Registered new binding: Screenshot - CTRL+8
15:40:37.619 [JavaFX Application Thread] DEBUG Input                - Registered new binding: System info dump - CTRL+9
15:40:37.620 [JavaFX Application Thread] DEBUG Input                - Registered new binding: Restart - CTRL+R
15:40:37.621 [JavaFX Application Thread] DEBUG Input                - Registered new binding: Toggle Debug Camera - CTRL+7
15:40:37.690 [JavaFX Application Thread] DEBUG LoopRunner           - Starting loop
15:40:37.690 [JavaFX Application Thread] DEBUG LoopRunner           - Initializing JavaFX AnimationTimerLoop
15:40:37.693 [JavaFX Application Thread] DEBUG GameApplicationServi - Starting new game
15:40:37.694 [JavaFX Application Thread] DEBUG Input                - Clearing active input actions
15:40:37.733 [JavaFX Application Thread] DEBUG GameApplicationServi - Removing overlay from FXGLStartupScene and adding to FXGLLoadingScene
15:40:37.735 [JavaFX Application Thread] DEBUG PrimaryStageWindow   - FXGLStartupScene -> FXGLLoadingScene
15:40:37.878 [FXGL Background Thread 4 ] DEBUG FXGLApplication      - Loading fonts
15:40:37.879 [FXGL Background Thread 4 ] DEBUG FXGLAssetLoaderServi - Loading from file system: jar:file:///C:/Users/Niclas/.m2/repository/com/github/almasb/fxgl/17.1/fxgl-17.1.jar!/fxglassets/ui/fonts/VarelaRound-Regular.ttf
15:40:37.736 [JavaFX Application Thread] DEBUG GameApplicationServi - Clearing previous game
15:40:37.882 [JavaFX Application Thread] DEBUG GameScene            - Clearing game scene
15:40:37.882 [JavaFX Application Thread] DEBUG GameWorld            - Clearing game world
15:40:37.883 [JavaFX Application Thread] DEBUG PhysicsWorld         - Clearing physics world
15:40:37.911 [FXGL Background Thread 1 ] DEBUG FXGLApplication      - Initializing game
15:40:37.931 [FXGL Background Thread 1 ] WARN  FXGLAssetLoaderServi - Asset "/assets/levels/tmx/derDungeon.tmx" was not found!
15:40:38.041 [JavaFX Application Thread] DEBUG LoopRunner           - Stopping loop
15:40:38.045 [JavaFX Application Thread] FATAL FXGLApplication      - Uncaught Exception:
java.lang.RuntimeException: Initialization failed
	at com.almasb.fxgl.all@17.1/com.almasb.fxgl.app.FXGLApplication$InitAppTask.failed(FXGLApplication.kt:343)
	at javafx.graphics@18/javafx.concurrent.Task.setState(Task.java:710)
	at javafx.graphics@18/javafx.concurrent.Task$TaskCallable.lambda$call$2(Task.java:1456)
	at javafx.graphics@18/com.sun.javafx.application.PlatformImpl.lambda$runLater$10(PlatformImpl.java:457)
	at java.base/java.security.AccessController.doPrivileged(AccessController.java:399)
	at javafx.graphics@18/com.sun.javafx.application.PlatformImpl.lambda$runLater$11(PlatformImpl.java:456)
	at javafx.graphics@18/com.sun.glass.ui.InvokeLaterDispatcher$Future.run(InvokeLaterDispatcher.java:96)
	at javafx.graphics@18/com.sun.glass.ui.win.WinApplication._runLoop(Native Method)
	at javafx.graphics@18/com.sun.glass.ui.win.WinApplication.lambda$runLoop$3(WinApplication.java:184)
	at java.base/java.lang.Thread.run(Thread.java:833)
Caused by: java.lang.IllegalArgumentException: Loading level failed. Asset not found: tmx/derDungeon.tmx
	at com.almasb.fxgl.all@17.1/com.almasb.fxgl.app.services.FXGLAssetLoaderService.loadLevel(FXGLAssetLoaderService.kt:443)
	at com.almasb.fxgl.all@17.1/com.almasb.fxgl.dsl.FXGL$Companion.setLevelFromMap(FXGL.kt:634)
	at com.almasb.fxgl.all@17.1/com.almasb.fxgl.dsl.FXGL.setLevelFromMap(FXGL.kt)
	at com.prog.uwupatch/de.prog2.uwupatch1.View.FXGL.DungeonApp.initGame(DungeonApp.java:23)
	at com.almasb.fxgl.all@17.1/com.almasb.fxgl.app.FXGLApplication$InitAppTask.initGame(FXGLApplication.kt:339)
	at com.almasb.fxgl.all@17.1/com.almasb.fxgl.app.FXGLApplication$InitAppTask.call(FXGLApplication.kt:319)
	at com.almasb.fxgl.all@17.1/com.almasb.fxgl.app.FXGLApplication$InitAppTask.call(FXGLApplication.kt:311)
	at javafx.graphics@18/javafx.concurrent.Task$TaskCallable.call(Task.java:1426)
	at java.base/java.util.concurrent.FutureTask.run(FutureTask.java:264)
	at java.base/java.util.concurrent.Executors$RunnableAdapter.call(Executors.java:539)
	at java.base/java.util.concurrent.FutureTask.run(FutureTask.java:264)
	at java.base/java.util.concurrent.ThreadPoolExecutor.runWorker(ThreadPoolExecutor.java:1136)
	at java.base/java.util.concurrent.ThreadPoolExecutor$Worker.run(ThreadPoolExecutor.java:635)
	... 1 more

15:40:38.046 [JavaFX Application Thread] FATAL FXGLApplication      - Application will now exit
15:40:38.107 [JavaFX Application Thread] DEBUG PrimaryStageWindow   - Push state: ErrorSubScene
15:40:38.109 [JavaFX Application Thread] DEBUG Input                - Clearing active input actions
15:40:38.120 [JavaFX Application Thread] DEBUG GameApplicationServi - Removing overlay from FXGLLoadingScene and adding to ErrorSubScene
15:40:38.122 [JavaFX Application Thread] DEBUG PrimaryStageWindow   - FXGLLoadingScene -> ErrorSubScene
15:40:39.750 [FXGL Background Thread 4 ] DEBUG FXGLAssetLoaderServi - Loading from file system: jar:file:///C:/Users/Niclas/.m2/repository/com/github/almasb/fxgl/17.1/fxgl-17.1.jar!/fxglassets/ui/fonts/Abel-Regular.ttf
15:40:39.775 [FXGL Background Thread 4 ] DEBUG FXGLAssetLoaderServi - Loading from file system: jar:file:///C:/Users/Niclas/.m2/repository/com/github/almasb/fxgl/17.1/fxgl-17.1.jar!/fxglassets/ui/fonts/TerminalLandMono-Regular.otf
15:40:39.820 [FXGL Background Thread 4 ] DEBUG FXGLAssetLoaderServi - Loading from file system: jar:file:///C:/Users/Niclas/.m2/repository/com/github/almasb/fxgl/17.1/fxgl-17.1.jar!/fxglassets/ui/fonts/Courier-Prime.ttf
15:40:39.856 [JavaFX Application Thread] DEBUG FXGLApplication      - Registering font factories with UI factory
15:40:40.531 [FXGL Background Thread 3 ] DEBUG Engine               - Logging environment variables
15:40:40.533 [FXGL Background Thread 3 ] DEBUG Engine               - achievements: []
15:40:40.533 [FXGL Background Thread 3 ] DEBUG Engine               - actualHeight: 720.0
15:40:40.534 [FXGL Background Thread 3 ] DEBUG Engine               - actualHeightProperty: ReadOnlyDoubleProperty [value: 720.0]
15:40:40.534 [FXGL Background Thread 3 ] DEBUG Engine               - actualWidth: 1280.0
15:40:40.534 [FXGL Background Thread 3 ] DEBUG Engine               - actualWidthProperty: ReadOnlyDoubleProperty [value: 1280.0]
15:40:40.534 [FXGL Background Thread 3 ] DEBUG Engine               - appIcon: fxgl_icon.png
15:40:40.534 [FXGL Background Thread 3 ] DEBUG Engine               - applicationMode: DEVELOPER
15:40:40.535 [FXGL Background Thread 3 ] DEBUG Engine               - cSSList: [fxgl_dark.css]
15:40:40.535 [FXGL Background Thread 3 ] DEBUG Engine               - collisionDetectionStrategy: BRUTE_FORCE
15:40:40.535 [FXGL Background Thread 3 ] DEBUG Engine               - configClass: Optional.empty
15:40:40.535 [FXGL Background Thread 3 ] DEBUG Engine               - credits: []
15:40:40.544 [FXGL Background Thread 3 ] DEBUG Engine               - defaultCursor: CursorInfo(imageName=fxgl_default_cursor.png, hotspotX=7.0, hotspotY=6.0)
15:40:40.545 [FXGL Background Thread 3 ] DEBUG Engine               - devBBoxColorProperty: ObjectProperty [value: 0xff0000ff]
15:40:40.545 [FXGL Background Thread 3 ] DEBUG Engine               - devEnableDebugCameraProperty: BooleanProperty [value: false]
15:40:40.546 [FXGL Background Thread 3 ] DEBUG Engine               - devSensorColorProperty: ObjectProperty [value: 0xffff00ff]
15:40:40.546 [FXGL Background Thread 3 ] DEBUG Engine               - devShowBBoxProperty: BooleanProperty [value: false]
15:40:40.555 [FXGL Background Thread 3 ] DEBUG Engine               - devShowPositionProperty: BooleanProperty [value: false]
15:40:40.555 [FXGL Background Thread 3 ] DEBUG Engine               - enabledMenuItems: []
15:40:40.555 [FXGL Background Thread 3 ] DEBUG Engine               - engineServices: [class com.almasb.fxgl.app.services.FXGLAssetLoaderService, class com.almasb.fxgl.app.FXGLApplication$GameApplicationService, class com.almasb.fxgl.app.services.FXGLDialogService, class com.almasb.fxgl.app.services.IOTaskExecutorService, class com.almasb.fxgl.io.FileSystemService, class com.almasb.fxgl.localization.LocalizationService, class com.almasb.fxgl.app.services.SystemBundleService, class com.almasb.fxgl.profile.SaveLoadService, class com.almasb.fxgl.ui.FXGLUIFactoryServiceProvider, class com.almasb.fxgl.ui.FXGLDialogFactoryServiceProvider, class com.almasb.fxgl.audio.AudioPlayer, class com.almasb.fxgl.notification.impl.NotificationServiceProvider, class com.almasb.fxgl.achievement.AchievementService, class com.almasb.fxgl.cutscene.CutsceneService, class com.almasb.fxgl.minigames.MiniGameService, class com.almasb.fxgl.net.NetService, class com.almasb.fxgl.app.services.UpdaterService, class com.almasb.fxgl.dev.DevService]
15:40:40.555 [FXGL Background Thread 3 ] DEBUG Engine               - fontGame: Abel-Regular.ttf
15:40:40.555 [FXGL Background Thread 3 ] DEBUG Engine               - fontMono: TerminalLandMono-Regular.otf
15:40:40.556 [FXGL Background Thread 3 ] DEBUG Engine               - fontText: Courier-Prime.ttf
15:40:40.556 [FXGL Background Thread 3 ] DEBUG Engine               - fontUI: VarelaRound-Regular.ttf
15:40:40.556 [FXGL Background Thread 3 ] DEBUG Engine               - fullScreen: BooleanProperty [value: false]
15:40:40.559 [FXGL Background Thread 3 ] DEBUG Engine               - gameDifficulty: MEDIUM
15:40:40.559 [FXGL Background Thread 3 ] DEBUG Engine               - gameDifficultyProperty: ObjectProperty [value: MEDIUM]
15:40:40.560 [FXGL Background Thread 3 ] DEBUG Engine               - globalMusicVolume: 0.5
15:40:40.560 [FXGL Background Thread 3 ] DEBUG Engine               - globalMusicVolumeProperty: DoubleProperty [value: 0.5]
15:40:40.560 [FXGL Background Thread 3 ] DEBUG Engine               - globalSoundVolume: 0.5
15:40:40.560 [FXGL Background Thread 3 ] DEBUG Engine               - globalSoundVolumeProperty: DoubleProperty [value: 0.5]
15:40:40.560 [FXGL Background Thread 3 ] DEBUG Engine               - height: 720
15:40:40.561 [FXGL Background Thread 3 ] DEBUG Engine               - is3D: false
15:40:40.561 [FXGL Background Thread 3 ] DEBUG Engine               - isAndroid: false
15:40:40.561 [FXGL Background Thread 3 ] DEBUG Engine               - isBrowser: false
15:40:40.562 [FXGL Background Thread 3 ] DEBUG Engine               - isClickFeedbackEnabled: false
15:40:40.562 [FXGL Background Thread 3 ] DEBUG Engine               - isCloseConfirmation: false
15:40:40.562 [FXGL Background Thread 3 ] DEBUG Engine               - isDesktop: true
15:40:40.563 [FXGL Background Thread 3 ] DEBUG Engine               - isDeveloperMenuEnabled: false
15:40:40.563 [FXGL Background Thread 3 ] DEBUG Engine               - isEmbedded: false
15:40:40.563 [FXGL Background Thread 3 ] DEBUG Engine               - isEntityPreloadEnabled: true
15:40:40.566 [FXGL Background Thread 3 ] DEBUG Engine               - isExperimentalTiledLargeMap: false
15:40:40.566 [FXGL Background Thread 3 ] DEBUG Engine               - isFileSystemWriteAllowed: true
15:40:40.569 [FXGL Background Thread 3 ] DEBUG Engine               - isFullScreenAllowed: false
15:40:40.569 [FXGL Background Thread 3 ] DEBUG Engine               - isFullScreenFromStart: false
15:40:40.569 [FXGL Background Thread 3 ] DEBUG Engine               - isGameMenuEnabled: true
15:40:40.570 [FXGL Background Thread 3 ] DEBUG Engine               - isIOS: false
15:40:40.570 [FXGL Background Thread 3 ] DEBUG Engine               - isIntroEnabled: false
15:40:40.570 [FXGL Background Thread 3 ] DEBUG Engine               - isLinux: false
15:40:40.572 [FXGL Background Thread 3 ] DEBUG Engine               - isMac: false
15:40:40.572 [FXGL Background Thread 3 ] DEBUG Engine               - isMainMenuEnabled: false
15:40:40.573 [FXGL Background Thread 3 ] DEBUG Engine               - isManualResizeEnabled: false
15:40:40.573 [FXGL Background Thread 3 ] DEBUG Engine               - isMobile: false
15:40:40.574 [FXGL Background Thread 3 ] DEBUG Engine               - isNative: false
15:40:40.574 [FXGL Background Thread 3 ] DEBUG Engine               - isPauseMusicWhenMinimized: true
15:40:40.578 [FXGL Background Thread 3 ] DEBUG Engine               - isPreserveResizeRatio: false
15:40:40.578 [FXGL Background Thread 3 ] DEBUG Engine               - isProfilingEnabled: false
15:40:40.582 [FXGL Background Thread 3 ] DEBUG Engine               - isScaleAffectedOnResize: true
15:40:40.584 [FXGL Background Thread 3 ] DEBUG Engine               - isSingleStep: false
15:40:40.584 [FXGL Background Thread 3 ] DEBUG Engine               - isUserProfileEnabled: false
15:40:40.585 [FXGL Background Thread 3 ] DEBUG Engine               - isWindows: true
15:40:40.585 [FXGL Background Thread 3 ] DEBUG Engine               - language: ObjectProperty [value: ENGLISH]
15:40:40.585 [FXGL Background Thread 3 ] DEBUG Engine               - menuKey: ESCAPE
15:40:40.586 [FXGL Background Thread 3 ] DEBUG Engine               - mouseSensitivity: 0.2
15:40:40.586 [FXGL Background Thread 3 ] DEBUG Engine               - notificationViewClass: class com.almasb.fxgl.notification.view.XboxNotificationView
15:40:40.586 [FXGL Background Thread 3 ] DEBUG Engine               - pixelsPerMeter: 50.0
15:40:40.586 [FXGL Background Thread 3 ] DEBUG Engine               - platform: WINDOWS
15:40:40.586 [FXGL Background Thread 3 ] DEBUG Engine               - prefHeightProperty: ReadOnlyDoubleProperty [value: 720.0]
15:40:40.587 [FXGL Background Thread 3 ] DEBUG Engine               - prefWidthProperty: ReadOnlyDoubleProperty [value: 1280.0]
15:40:40.601 [FXGL Background Thread 3 ] DEBUG Engine               - profileDir: profiles/
15:40:40.602 [FXGL Background Thread 3 ] DEBUG Engine               - profileName: StringProperty [value: DEFAULT]
15:40:40.602 [FXGL Background Thread 3 ] DEBUG Engine               - randomSeed: -1
15:40:40.603 [FXGL Background Thread 3 ] DEBUG Engine               - runtimeInfo: RuntimeInfo(platform=WINDOWS, version=17.1, build=24.03.2022 17.34)
15:40:40.603 [FXGL Background Thread 3 ] DEBUG Engine               - saveFileExt: sav
15:40:40.603 [FXGL Background Thread 3 ] DEBUG Engine               - scaledHeightProp$fxgl: DoubleProperty [bound, value: 720.0]
15:40:40.603 [FXGL Background Thread 3 ] DEBUG Engine               - scaledWidthProp$fxgl: DoubleProperty [bound, value: 1280.0]
15:40:40.603 [FXGL Background Thread 3 ] DEBUG Engine               - sceneFactory: com.almasb.fxgl.app.scene.SceneFactory@48652af1
15:40:40.603 [FXGL Background Thread 3 ] DEBUG Engine               - secondsIn24h: 60
15:40:40.604 [FXGL Background Thread 3 ] DEBUG Engine               - soundMenuBack: menu/back.wav
15:40:40.604 [FXGL Background Thread 3 ] DEBUG Engine               - soundMenuPress: menu/press.wav
15:40:40.604 [FXGL Background Thread 3 ] DEBUG Engine               - soundMenuSelect: menu/select.wav
15:40:40.604 [FXGL Background Thread 3 ] DEBUG Engine               - soundNotification: core/notification.wav
15:40:40.604 [FXGL Background Thread 3 ] DEBUG Engine               - stageStyle: DECORATED
15:40:40.604 [FXGL Background Thread 3 ] DEBUG Engine               - supportedLanguages: [ENGLISH, FRENCH, GERMAN, HUNGARIAN, RUSSIAN]
15:40:40.604 [FXGL Background Thread 3 ] DEBUG Engine               - ticksPerSecond: -1
15:40:40.605 [FXGL Background Thread 3 ] DEBUG Engine               - title: Untitled
15:40:40.605 [FXGL Background Thread 3 ] DEBUG Engine               - urlGithub: https://github.com/AlmasB/FXGL
15:40:40.605 [FXGL Background Thread 3 ] DEBUG Engine               - urlLeaderboard: http://fxgl-top.herokuapp.com/
15:40:40.605 [FXGL Background Thread 3 ] DEBUG Engine               - urlPOM: https://raw.githubusercontent.com/AlmasB/FXGL/release/README.md
15:40:40.605 [FXGL Background Thread 3 ] DEBUG Engine               - userAppClass: class de.prog2.uwupatch1.View.FXGL.DungeonApp
15:40:40.606 [FXGL Background Thread 3 ] DEBUG Engine               - version: 0.0
15:40:40.606 [FXGL Background Thread 3 ] DEBUG Engine               - versionCheckDays: 7
15:40:40.606 [FXGL Background Thread 3 ] DEBUG Engine               - width: 1280
15:40:40.606 [FXGL Background Thread 3 ] DEBUG Engine               - Logging services
15:40:40.606 [FXGL Background Thread 3 ] DEBUG Engine               - class com.almasb.fxgl.app.services.FXGLAssetLoaderService
15:40:40.606 [FXGL Background Thread 3 ] DEBUG Engine               - class com.almasb.fxgl.app.FXGLApplication$GameApplicationService
15:40:40.608 [FXGL Background Thread 3 ] DEBUG Engine               - class com.almasb.fxgl.app.services.FXGLDialogService
15:40:40.608 [FXGL Background Thread 3 ] DEBUG Engine               - class com.almasb.fxgl.app.services.IOTaskExecutorService
15:40:40.608 [FXGL Background Thread 3 ] DEBUG Engine               - class com.almasb.fxgl.io.FileSystemService
15:40:40.608 [FXGL Background Thread 3 ] DEBUG Engine               - class com.almasb.fxgl.localization.LocalizationService
15:40:40.610 [FXGL Background Thread 3 ] DEBUG Engine               - class com.almasb.fxgl.app.services.SystemBundleService
15:40:40.610 [FXGL Background Thread 3 ] DEBUG Engine               - class com.almasb.fxgl.profile.SaveLoadService
15:40:40.610 [FXGL Background Thread 3 ] DEBUG Engine               - class com.almasb.fxgl.ui.FXGLUIFactoryServiceProvider
15:40:40.610 [FXGL Background Thread 3 ] DEBUG Engine               - class com.almasb.fxgl.ui.FXGLDialogFactoryServiceProvider
15:40:40.611 [FXGL Background Thread 3 ] DEBUG Engine               - class com.almasb.fxgl.audio.AudioPlayer
15:40:40.611 [FXGL Background Thread 3 ] DEBUG Engine               - class com.almasb.fxgl.notification.impl.NotificationServiceProvider
15:40:40.611 [FXGL Background Thread 3 ] DEBUG Engine               - class com.almasb.fxgl.achievement.AchievementService
15:40:40.611 [FXGL Background Thread 3 ] DEBUG Engine               - class com.almasb.fxgl.cutscene.CutsceneService
15:40:40.611 [FXGL Background Thread 3 ] DEBUG Engine               - class com.almasb.fxgl.minigames.MiniGameService
15:40:40.611 [FXGL Background Thread 3 ] DEBUG Engine               - class com.almasb.fxgl.net.NetService
15:40:40.611 [FXGL Background Thread 3 ] DEBUG Engine               - class com.almasb.fxgl.app.services.UpdaterService
15:40:40.612 [FXGL Background Thread 3 ] DEBUG Engine               - class com.almasb.fxgl.dev.DevService
15:40:44.207 [JavaFX Application Thread] DEBUG FXGLApplication      - Exiting FXGL
15:40:44.207 [JavaFX Application Thread] DEBUG Async                - Shutting down background threads
15:40:44.208 [JavaFX Application Thread] DEBUG PrimaryStageWindow   - Closing main window
15:40:44.267 [JavaFX Application Thread] DEBUG Logger               - Closing Logger
