15:40:57.036 [main                     ] DEBUG Logger               - Configured Logger
15:40:57.102 [main                     ] DEBUG GameApplication      - Logging settings
Title: Untitled
Version: 0.0
Width: 1280
Height: 720
Fullscreen: false
Intro: false
Profiling: false
Single step:false
App Mode: DEVELOPER
Menu Key: ESCAPE
Stage Style: DECORATED
Scene Factory: class com.almasb.fxgl.app.scene.SceneFactory

15:40:57.688 [JavaFX Application Thread] DEBUG FXGLApplication      - Initializing FXGL
15:40:57.703 [JavaFX Application Thread] INFO  Engine               - FXGL-17.1 (24.03.2022 17.34) on WINDOWS (J:17.0.2 FX:18)
15:40:57.704 [JavaFX Application Thread] DEBUG Engine               - JRE Vendor Name: Oracle Corporation
15:40:57.705 [JavaFX Application Thread] DEBUG Engine               - Running on OS: Windows 10 version 10.0
15:40:57.705 [JavaFX Application Thread] DEBUG Engine               - Architecture: amd64
15:40:57.705 [JavaFX Application Thread] INFO  Engine               - Source code and latest versions at: https://github.com/AlmasB/FXGL
15:40:57.706 [JavaFX Application Thread] INFO  Engine               -       Ask questions and discuss at: https://github.com/AlmasB/FXGL/discussions
15:40:57.707 [JavaFX Application Thread] INFO  Engine               -              Join the FXGL chat at: https://gitter.im/AlmasB/FXGL
15:40:57.870 [JavaFX Application Thread] DEBUG PrimaryStageWindow   - Creating a JavaFX scene
15:40:57.959 [JavaFX Application Thread] DEBUG PrimaryStageWindow   - Target settings size: 1280.0 x 720.0
15:40:57.959 [JavaFX Application Thread] DEBUG PrimaryStageWindow   - Scaled scene size:    1280.0 x 720.0
15:40:57.960 [JavaFX Application Thread] DEBUG PrimaryStageWindow   - Scaled ratio: (1.0, 1.0)
15:40:57.962 [JavaFX Application Thread] DEBUG PrimaryStageWindow   - Set initial scene to FXGLStartupScene
15:40:57.975 [JavaFX Application Thread] DEBUG PrimaryStageWindow   - Opening main window
15:40:58.115 [JavaFX Application Thread] DEBUG PrimaryStageWindow   - Window border size: (14.4000244140625, 37.5999755859375)
15:40:58.116 [JavaFX Application Thread] DEBUG PrimaryStageWindow   - Scaled size: 1280.0 x 720.0
15:40:58.116 [JavaFX Application Thread] DEBUG PrimaryStageWindow   - Scaled ratio: (1.0, 1.0)
15:40:58.117 [JavaFX Application Thread] DEBUG PrimaryStageWindow   - Scene size: 1280.0 x 720.0
15:40:58.117 [JavaFX Application Thread] DEBUG PrimaryStageWindow   - Stage size: 1294.4000244140625 x 757.5999755859375
15:40:58.330 [FXGL Background Thread 1 ] DEBUG Engine               - Initializing environment variables
15:40:58.424 [FXGL Background Thread 1 ] DEBUG FXGLAssetLoaderServi - User app class for loading assets: class de.prog2.uwupatch1.View.FXGL.DungeonApp
15:40:58.425 [FXGL Background Thread 1 ] DEBUG GameApplicationServi - Applying CSS: fxgl_dark.css
15:40:58.427 [FXGL Background Thread 1 ] DEBUG FXGLAssetLoaderServi - Loading from file system: jar:file:///C:/Users/Niclas/.m2/repository/com/github/almasb/fxgl/17.1/fxgl-17.1.jar!/fxglassets/ui/css/fxgl_dark.css
15:40:58.540 [FXGL Background Thread 1 ] DEBUG GameApplicationServi - Initializing application scenes
15:40:58.746 [FXGL Background Thread 1 ] DEBUG GameWorld            - Game world initialized
15:40:58.837 [FXGL Background Thread 1 ] DEBUG PhysicsWorld         - Physics world initialized: appHeight=720, physics.ppm=50,0
15:40:58.838 [FXGL Background Thread 1 ] DEBUG PhysicsWorld         - Using strategy: BRUTE_FORCE
15:40:58.847 [FXGL Background Thread 1 ] DEBUG GameScene            - Game scene initialized: 1280x720
15:40:58.888 [FXGL Background Thread 1 ] DEBUG FXGL.DefaultMenu     - createMenuBodyGameMenu()
15:40:58.912 [FXGL Background Thread 1 ] DEBUG FXGL.DefaultMenu     - createOptionsMenu()
15:40:58.938 [FXGL Background Thread 1 ] DEBUG FXGLAssetLoaderServi - Loading from file system: jar:file:///C:/Users/Niclas/.m2/repository/com/github/almasb/fxgl/17.1/fxgl-17.1.jar!/fxglassets/textures/particles/smoke.png
15:40:59.371 [FXGL Background Thread 1 ] DEBUG FXGLAssetLoaderServi - Loading from file system: jar:file:///C:/Users/Niclas/.m2/repository/com/github/almasb/fxgl/17.1/fxgl-17.1.jar!/fxglassets/textures/particles/trace_horizontal.png
15:40:59.448 [FXGL Background Thread 1 ] DEBUG GameApplicationServi - Application scenes initialized
15:40:59.470 [FXGL Background Thread 1 ] DEBUG SystemBundleService  - Loading FXGL system data
15:40:59.519 [FXGL Background Thread 1 ] WARN  SystemBundleService  - Failed to load: java.io.FileNotFoundException: C:\Users\Niclas\Desktop\DungeonGit\UwuPatch1\system\fxgl.bundle (Das System kann die angegebene Datei nicht finden)
15:40:59.520 [FXGL Background Thread 1 ] DEBUG SystemBundleService  - Loading default FXGL system data
15:40:59.520 [FXGL Background Thread 1 ] DEBUG UpdaterService       - Checking for updates
15:40:59.537 [FXGL Background Thread 1 ] DEBUG FXGLApplication      - Loading default localization
15:40:59.539 [FXGL Background Thread 1 ] DEBUG FXGLAssetLoaderServi - Loading from file system: jar:file:///C:/Users/Niclas/.m2/repository/com/github/almasb/fxgl/17.1/fxgl-17.1.jar!/fxglassets/languages/english.lang
15:40:59.594 [FXGL Background Thread 1 ] INFO  FXGLApplication      - FXGL initialization took: 1,261 sec
15:41:00.330 [FXGL Background Thread 4 ] DEBUG FXGLApplication      - Loading fonts
15:41:00.332 [FXGL Background Thread 4 ] DEBUG FXGLAssetLoaderServi - Loading from file system: jar:file:///C:/Users/Niclas/.m2/repository/com/github/almasb/fxgl/17.1/fxgl-17.1.jar!/fxglassets/ui/fonts/VarelaRound-Regular.ttf
15:41:00.395 [JavaFX Application Thread] DEBUG FXGLAssetLoaderServi - Loading from file system: jar:file:///C:/Users/Niclas/.m2/repository/com/github/almasb/fxgl/17.1/fxgl-17.1.jar!/fxglassets/textures/fxgl_icon.png
15:41:00.511 [JavaFX Application Thread] DEBUG FXGLAssetLoaderServi - Loading from file system: jar:file:///C:/Users/Niclas/.m2/repository/com/github/almasb/fxgl/17.1/fxgl-17.1.jar!/fxglassets/textures/fxgl_default_cursor.png
15:41:00.552 [JavaFX Application Thread] DEBUG Input                - Registered new binding: Screenshot - CTRL+8
15:41:00.554 [JavaFX Application Thread] DEBUG Input                - Registered new binding: System info dump - CTRL+9
15:41:00.555 [JavaFX Application Thread] DEBUG Input                - Registered new binding: Restart - CTRL+R
15:41:00.556 [JavaFX Application Thread] DEBUG Input                - Registered new binding: Toggle Debug Camera - CTRL+7
15:41:00.562 [JavaFX Application Thread] DEBUG LoopRunner           - Starting loop
15:41:00.563 [JavaFX Application Thread] DEBUG LoopRunner           - Initializing JavaFX AnimationTimerLoop
15:41:00.565 [JavaFX Application Thread] DEBUG GameApplicationServi - Starting new game
15:41:00.566 [JavaFX Application Thread] DEBUG Input                - Clearing active input actions
15:41:00.756 [JavaFX Application Thread] DEBUG GameApplicationServi - Removing overlay from FXGLStartupScene and adding to FXGLLoadingScene
15:41:00.760 [JavaFX Application Thread] DEBUG PrimaryStageWindow   - FXGLStartupScene -> FXGLLoadingScene
15:41:00.884 [JavaFX Application Thread] DEBUG GameApplicationServi - Clearing previous game
15:41:00.884 [JavaFX Application Thread] DEBUG GameScene            - Clearing game scene
15:41:00.884 [JavaFX Application Thread] DEBUG GameWorld            - Clearing game world
15:41:00.885 [JavaFX Application Thread] DEBUG PhysicsWorld         - Clearing physics world
15:41:00.895 [FXGL Background Thread 1 ] DEBUG FXGLApplication      - Initializing game
15:41:00.938 [FXGL Background Thread 1 ] WARN  FXGLAssetLoaderServi - Asset "/assets/levels/tmx/derDungeon.tmx" was not found!
15:41:01.077 [JavaFX Application Thread] DEBUG LoopRunner           - Stopping loop
15:41:01.081 [JavaFX Application Thread] FATAL FXGLApplication      - Uncaught Exception:
java.lang.RuntimeException: Initialization failed
	at com.almasb.fxgl.all@17.1/com.almasb.fxgl.app.FXGLApplication$InitAppTask.failed(FXGLApplication.kt:343)
	at javafx.graphics@18/javafx.concurrent.Task.setState(Task.java:710)
	at javafx.graphics@18/javafx.concurrent.Task$TaskCallable.lambda$call$2(Task.java:1456)
	at javafx.graphics@18/com.sun.javafx.application.PlatformImpl.lambda$runLater$10(PlatformImpl.java:457)
	at java.base/java.security.AccessController.doPrivileged(AccessController.java:399)
	at javafx.graphics@18/com.sun.javafx.application.PlatformImpl.lambda$runLater$11(PlatformImpl.java:456)
	at javafx.graphics@18/com.sun.glass.ui.InvokeLaterDispatcher$Future.run(InvokeLaterDispatcher.java:96)
	at javafx.graphics@18/com.sun.glass.ui.win.WinApplication._runLoop(Native Method)
	at javafx.graphics@18/com.sun.glass.ui.win.WinApplication.lambda$runLoop$3(WinApplication.java:184)
	at java.base/java.lang.Thread.run(Thread.java:833)
Caused by: java.lang.IllegalArgumentException: Loading level failed. Asset not found: tmx/derDungeon.tmx
	at com.almasb.fxgl.all@17.1/com.almasb.fxgl.app.services.FXGLAssetLoaderService.loadLevel(FXGLAssetLoaderService.kt:443)
	at com.almasb.fxgl.all@17.1/com.almasb.fxgl.dsl.FXGL$Companion.setLevelFromMap(FXGL.kt:634)
	at com.almasb.fxgl.all@17.1/com.almasb.fxgl.dsl.FXGL.setLevelFromMap(FXGL.kt)
	at com.prog.uwupatch/de.prog2.uwupatch1.View.FXGL.DungeonApp.initGame(DungeonApp.java:23)
	at com.almasb.fxgl.all@17.1/com.almasb.fxgl.app.FXGLApplication$InitAppTask.initGame(FXGLApplication.kt:339)
	at com.almasb.fxgl.all@17.1/com.almasb.fxgl.app.FXGLApplication$InitAppTask.call(FXGLApplication.kt:319)
	at com.almasb.fxgl.all@17.1/com.almasb.fxgl.app.FXGLApplication$InitAppTask.call(FXGLApplication.kt:311)
	at javafx.graphics@18/javafx.concurrent.Task$TaskCallable.call(Task.java:1426)
	at java.base/java.util.concurrent.FutureTask.run(FutureTask.java:264)
	at java.base/java.util.concurrent.Executors$RunnableAdapter.call(Executors.java:539)
	at java.base/java.util.concurrent.FutureTask.run(FutureTask.java:264)
	at java.base/java.util.concurrent.ThreadPoolExecutor.runWorker(ThreadPoolExecutor.java:1136)
	at java.base/java.util.concurrent.ThreadPoolExecutor$Worker.run(ThreadPoolExecutor.java:635)
	... 1 more

15:41:01.086 [JavaFX Application Thread] FATAL FXGLApplication      - Application will now exit
15:41:01.132 [JavaFX Application Thread] DEBUG PrimaryStageWindow   - Push state: ErrorSubScene
15:41:01.133 [JavaFX Application Thread] DEBUG Input                - Clearing active input actions
15:41:01.146 [JavaFX Application Thread] DEBUG GameApplicationServi - Removing overlay from FXGLLoadingScene and adding to ErrorSubScene
15:41:01.147 [JavaFX Application Thread] DEBUG PrimaryStageWindow   - FXGLLoadingScene -> ErrorSubScene
15:41:02.152 [FXGL Background Thread 4 ] DEBUG FXGLAssetLoaderServi - Loading from file system: jar:file:///C:/Users/Niclas/.m2/repository/com/github/almasb/fxgl/17.1/fxgl-17.1.jar!/fxglassets/ui/fonts/Abel-Regular.ttf
15:41:02.165 [FXGL Background Thread 4 ] DEBUG FXGLAssetLoaderServi - Loading from file system: jar:file:///C:/Users/Niclas/.m2/repository/com/github/almasb/fxgl/17.1/fxgl-17.1.jar!/fxglassets/ui/fonts/TerminalLandMono-Regular.otf
15:41:02.175 [FXGL Background Thread 4 ] DEBUG FXGLAssetLoaderServi - Loading from file system: jar:file:///C:/Users/Niclas/.m2/repository/com/github/almasb/fxgl/17.1/fxgl-17.1.jar!/fxglassets/ui/fonts/Courier-Prime.ttf
15:41:02.536 [FXGL Background Thread 3 ] DEBUG Engine               - Logging environment variables
15:41:02.555 [FXGL Background Thread 3 ] DEBUG Engine               - achievements: []
15:41:02.555 [FXGL Background Thread 3 ] DEBUG Engine               - actualHeight: 720.0
15:41:02.556 [FXGL Background Thread 3 ] DEBUG Engine               - actualHeightProperty: ReadOnlyDoubleProperty [value: 720.0]
15:41:02.556 [FXGL Background Thread 3 ] DEBUG Engine               - actualWidth: 1280.0
15:41:02.557 [FXGL Background Thread 3 ] DEBUG Engine               - actualWidthProperty: ReadOnlyDoubleProperty [value: 1280.0]
15:41:02.557 [FXGL Background Thread 3 ] DEBUG Engine               - appIcon: fxgl_icon.png
15:41:02.558 [FXGL Background Thread 3 ] DEBUG Engine               - applicationMode: DEVELOPER
15:41:02.558 [FXGL Background Thread 3 ] DEBUG Engine               - cSSList: [fxgl_dark.css]
15:41:02.558 [FXGL Background Thread 3 ] DEBUG Engine               - collisionDetectionStrategy: BRUTE_FORCE
15:41:02.558 [FXGL Background Thread 3 ] DEBUG Engine               - configClass: Optional.empty
15:41:02.558 [FXGL Background Thread 3 ] DEBUG Engine               - credits: []
15:41:02.562 [FXGL Background Thread 3 ] DEBUG Engine               - defaultCursor: CursorInfo(imageName=fxgl_default_cursor.png, hotspotX=7.0, hotspotY=6.0)
15:41:02.563 [FXGL Background Thread 3 ] DEBUG Engine               - devBBoxColorProperty: ObjectProperty [value: 0xff0000ff]
15:41:02.563 [FXGL Background Thread 3 ] DEBUG Engine               - devEnableDebugCameraProperty: BooleanProperty [value: false]
15:41:02.567 [FXGL Background Thread 3 ] DEBUG Engine               - devSensorColorProperty: ObjectProperty [value: 0xffff00ff]
15:41:02.567 [FXGL Background Thread 3 ] DEBUG Engine               - devShowBBoxProperty: BooleanProperty [value: false]
15:41:02.931 [FXGL Background Thread 3 ] DEBUG Engine               - devShowPositionProperty: BooleanProperty [value: false]
15:41:02.931 [FXGL Background Thread 3 ] DEBUG Engine               - enabledMenuItems: []
15:41:02.932 [FXGL Background Thread 3 ] DEBUG Engine               - engineServices: [class com.almasb.fxgl.app.services.FXGLAssetLoaderService, class com.almasb.fxgl.app.FXGLApplication$GameApplicationService, class com.almasb.fxgl.app.services.FXGLDialogService, class com.almasb.fxgl.app.services.IOTaskExecutorService, class com.almasb.fxgl.io.FileSystemService, class com.almasb.fxgl.localization.LocalizationService, class com.almasb.fxgl.app.services.SystemBundleService, class com.almasb.fxgl.profile.SaveLoadService, class com.almasb.fxgl.ui.FXGLUIFactoryServiceProvider, class com.almasb.fxgl.ui.FXGLDialogFactoryServiceProvider, class com.almasb.fxgl.audio.AudioPlayer, class com.almasb.fxgl.notification.impl.NotificationServiceProvider, class com.almasb.fxgl.achievement.AchievementService, class com.almasb.fxgl.cutscene.CutsceneService, class com.almasb.fxgl.minigames.MiniGameService, class com.almasb.fxgl.net.NetService, class com.almasb.fxgl.app.services.UpdaterService, class com.almasb.fxgl.dev.DevService]
15:41:02.932 [FXGL Background Thread 3 ] DEBUG Engine               - fontGame: Abel-Regular.ttf
15:41:02.933 [FXGL Background Thread 3 ] DEBUG Engine               - fontMono: TerminalLandMono-Regular.otf
15:41:02.933 [FXGL Background Thread 3 ] DEBUG Engine               - fontText: Courier-Prime.ttf
15:41:02.933 [FXGL Background Thread 3 ] DEBUG Engine               - fontUI: VarelaRound-Regular.ttf
15:41:02.938 [FXGL Background Thread 3 ] DEBUG Engine               - fullScreen: BooleanProperty [value: false]
15:41:02.938 [FXGL Background Thread 3 ] DEBUG Engine               - gameDifficulty: MEDIUM
15:41:02.938 [FXGL Background Thread 3 ] DEBUG Engine               - gameDifficultyProperty: ObjectProperty [value: MEDIUM]
15:41:02.938 [FXGL Background Thread 3 ] DEBUG Engine               - globalMusicVolume: 0.5
15:41:02.938 [FXGL Background Thread 3 ] DEBUG Engine               - globalMusicVolumeProperty: DoubleProperty [value: 0.5]
15:41:02.939 [FXGL Background Thread 3 ] DEBUG Engine               - globalSoundVolume: 0.5
15:41:02.939 [FXGL Background Thread 3 ] DEBUG Engine               - globalSoundVolumeProperty: DoubleProperty [value: 0.5]
15:41:02.944 [FXGL Background Thread 3 ] DEBUG Engine               - height: 720
15:41:02.947 [FXGL Background Thread 3 ] DEBUG Engine               - is3D: false
15:41:02.948 [FXGL Background Thread 3 ] DEBUG Engine               - isAndroid: false
15:41:02.948 [FXGL Background Thread 3 ] DEBUG Engine               - isBrowser: false
15:41:03.074 [FXGL Background Thread 3 ] DEBUG Engine               - isClickFeedbackEnabled: false
15:41:03.074 [FXGL Background Thread 3 ] DEBUG Engine               - isCloseConfirmation: false
15:41:03.075 [FXGL Background Thread 3 ] DEBUG Engine               - isDesktop: true
15:41:03.075 [FXGL Background Thread 3 ] DEBUG Engine               - isDeveloperMenuEnabled: false
15:41:03.075 [FXGL Background Thread 3 ] DEBUG Engine               - isEmbedded: false
15:41:03.075 [FXGL Background Thread 3 ] DEBUG Engine               - isEntityPreloadEnabled: true
15:41:03.075 [FXGL Background Thread 3 ] DEBUG Engine               - isExperimentalTiledLargeMap: false
15:41:03.075 [FXGL Background Thread 3 ] DEBUG Engine               - isFileSystemWriteAllowed: true
15:41:03.075 [FXGL Background Thread 3 ] DEBUG Engine               - isFullScreenAllowed: false
15:41:03.076 [FXGL Background Thread 3 ] DEBUG Engine               - isFullScreenFromStart: false
15:41:03.076 [FXGL Background Thread 3 ] DEBUG Engine               - isGameMenuEnabled: true
15:41:03.076 [FXGL Background Thread 3 ] DEBUG Engine               - isIOS: false
15:41:03.076 [FXGL Background Thread 3 ] DEBUG Engine               - isIntroEnabled: false
15:41:03.076 [FXGL Background Thread 3 ] DEBUG Engine               - isLinux: false
15:41:03.076 [FXGL Background Thread 3 ] DEBUG Engine               - isMac: false
15:41:03.173 [JavaFX Application Thread] DEBUG FXGLApplication      - Registering font factories with UI factory
15:41:03.076 [FXGL Background Thread 3 ] DEBUG Engine               - isMainMenuEnabled: false
15:41:03.203 [FXGL Background Thread 3 ] DEBUG Engine               - isManualResizeEnabled: false
15:41:03.203 [FXGL Background Thread 3 ] DEBUG Engine               - isMobile: false
15:41:03.203 [FXGL Background Thread 3 ] DEBUG Engine               - isNative: false
15:41:03.203 [FXGL Background Thread 3 ] DEBUG Engine               - isPauseMusicWhenMinimized: true
15:41:03.204 [FXGL Background Thread 3 ] DEBUG Engine               - isPreserveResizeRatio: false
15:41:03.204 [FXGL Background Thread 3 ] DEBUG Engine               - isProfilingEnabled: false
15:41:03.204 [FXGL Background Thread 3 ] DEBUG Engine               - isScaleAffectedOnResize: true
15:41:03.204 [FXGL Background Thread 3 ] DEBUG Engine               - isSingleStep: false
15:41:03.204 [FXGL Background Thread 3 ] DEBUG Engine               - isUserProfileEnabled: false
15:41:03.205 [FXGL Background Thread 3 ] DEBUG Engine               - isWindows: true
15:41:03.205 [FXGL Background Thread 3 ] DEBUG Engine               - language: ObjectProperty [value: ENGLISH]
15:41:03.205 [FXGL Background Thread 3 ] DEBUG Engine               - menuKey: ESCAPE
15:41:03.205 [FXGL Background Thread 3 ] DEBUG Engine               - mouseSensitivity: 0.2
15:41:03.205 [FXGL Background Thread 3 ] DEBUG Engine               - notificationViewClass: class com.almasb.fxgl.notification.view.XboxNotificationView
15:41:03.206 [FXGL Background Thread 3 ] DEBUG Engine               - pixelsPerMeter: 50.0
15:41:03.206 [FXGL Background Thread 3 ] DEBUG Engine               - platform: WINDOWS
15:41:03.423 [FXGL Background Thread 3 ] DEBUG Engine               - prefHeightProperty: ReadOnlyDoubleProperty [value: 720.0]
15:41:03.424 [FXGL Background Thread 3 ] DEBUG Engine               - prefWidthProperty: ReadOnlyDoubleProperty [value: 1280.0]
15:41:03.425 [FXGL Background Thread 3 ] DEBUG Engine               - profileDir: profiles/
15:41:03.425 [FXGL Background Thread 3 ] DEBUG Engine               - profileName: StringProperty [value: DEFAULT]
15:41:03.425 [FXGL Background Thread 3 ] DEBUG Engine               - randomSeed: -1
15:41:03.426 [FXGL Background Thread 3 ] DEBUG Engine               - runtimeInfo: RuntimeInfo(platform=WINDOWS, version=17.1, build=24.03.2022 17.34)
15:41:03.426 [FXGL Background Thread 3 ] DEBUG Engine               - saveFileExt: sav
15:41:03.427 [FXGL Background Thread 3 ] DEBUG Engine               - scaledHeightProp$fxgl: DoubleProperty [bound, value: 720.0]
15:41:03.427 [FXGL Background Thread 3 ] DEBUG Engine               - scaledWidthProp$fxgl: DoubleProperty [bound, value: 1280.0]
15:41:03.427 [FXGL Background Thread 3 ] DEBUG Engine               - sceneFactory: com.almasb.fxgl.app.scene.SceneFactory@4642569b
15:41:03.427 [FXGL Background Thread 3 ] DEBUG Engine               - secondsIn24h: 60
15:41:03.427 [FXGL Background Thread 3 ] DEBUG Engine               - soundMenuBack: menu/back.wav
15:41:03.428 [FXGL Background Thread 3 ] DEBUG Engine               - soundMenuPress: menu/press.wav
15:41:03.428 [FXGL Background Thread 3 ] DEBUG Engine               - soundMenuSelect: menu/select.wav
15:41:03.428 [FXGL Background Thread 3 ] DEBUG Engine               - soundNotification: core/notification.wav
15:41:03.430 [FXGL Background Thread 3 ] DEBUG Engine               - stageStyle: DECORATED
15:41:03.431 [FXGL Background Thread 3 ] DEBUG Engine               - supportedLanguages: [ENGLISH, FRENCH, GERMAN, HUNGARIAN, RUSSIAN]
15:41:03.431 [FXGL Background Thread 3 ] DEBUG Engine               - ticksPerSecond: -1
15:41:03.431 [FXGL Background Thread 3 ] DEBUG Engine               - title: Untitled
15:41:03.431 [FXGL Background Thread 3 ] DEBUG Engine               - urlGithub: https://github.com/AlmasB/FXGL
15:41:03.431 [FXGL Background Thread 3 ] DEBUG Engine               - urlLeaderboard: http://fxgl-top.herokuapp.com/
15:41:03.431 [FXGL Background Thread 3 ] DEBUG Engine               - urlPOM: https://raw.githubusercontent.com/AlmasB/FXGL/release/README.md
15:41:03.432 [FXGL Background Thread 3 ] DEBUG Engine               - userAppClass: class de.prog2.uwupatch1.View.FXGL.DungeonApp
15:41:03.432 [FXGL Background Thread 3 ] DEBUG Engine               - version: 0.0
15:41:03.432 [FXGL Background Thread 3 ] DEBUG Engine               - versionCheckDays: 7
15:41:03.432 [FXGL Background Thread 3 ] DEBUG Engine               - width: 1280
15:41:03.432 [FXGL Background Thread 3 ] DEBUG Engine               - Logging services
15:41:03.433 [FXGL Background Thread 3 ] DEBUG Engine               - class com.almasb.fxgl.app.services.FXGLAssetLoaderService
15:41:03.433 [FXGL Background Thread 3 ] DEBUG Engine               - class com.almasb.fxgl.app.FXGLApplication$GameApplicationService
15:41:03.434 [FXGL Background Thread 3 ] DEBUG Engine               - class com.almasb.fxgl.app.services.FXGLDialogService
15:41:03.434 [FXGL Background Thread 3 ] DEBUG Engine               - class com.almasb.fxgl.app.services.IOTaskExecutorService
15:41:03.434 [FXGL Background Thread 3 ] DEBUG Engine               - class com.almasb.fxgl.io.FileSystemService
15:41:03.434 [FXGL Background Thread 3 ] DEBUG Engine               - class com.almasb.fxgl.localization.LocalizationService
15:41:03.434 [FXGL Background Thread 3 ] DEBUG Engine               - class com.almasb.fxgl.app.services.SystemBundleService
15:41:03.434 [FXGL Background Thread 3 ] DEBUG Engine               - class com.almasb.fxgl.profile.SaveLoadService
15:41:03.435 [FXGL Background Thread 3 ] DEBUG Engine               - class com.almasb.fxgl.ui.FXGLUIFactoryServiceProvider
15:41:03.435 [FXGL Background Thread 3 ] DEBUG Engine               - class com.almasb.fxgl.ui.FXGLDialogFactoryServiceProvider
15:41:03.435 [FXGL Background Thread 3 ] DEBUG Engine               - class com.almasb.fxgl.audio.AudioPlayer
15:41:03.435 [FXGL Background Thread 3 ] DEBUG Engine               - class com.almasb.fxgl.notification.impl.NotificationServiceProvider
15:41:03.435 [FXGL Background Thread 3 ] DEBUG Engine               - class com.almasb.fxgl.achievement.AchievementService
15:41:03.435 [FXGL Background Thread 3 ] DEBUG Engine               - class com.almasb.fxgl.cutscene.CutsceneService
15:41:03.436 [FXGL Background Thread 3 ] DEBUG Engine               - class com.almasb.fxgl.minigames.MiniGameService
15:41:03.436 [FXGL Background Thread 3 ] DEBUG Engine               - class com.almasb.fxgl.net.NetService
15:41:03.436 [FXGL Background Thread 3 ] DEBUG Engine               - class com.almasb.fxgl.app.services.UpdaterService
15:41:03.436 [FXGL Background Thread 3 ] DEBUG Engine               - class com.almasb.fxgl.dev.DevService
15:41:17.622 [JavaFX Application Thread] DEBUG FXGLApplication      - Exiting FXGL
15:41:17.622 [JavaFX Application Thread] DEBUG Async                - Shutting down background threads
15:41:17.623 [JavaFX Application Thread] DEBUG PrimaryStageWindow   - Closing main window
15:41:17.667 [JavaFX Application Thread] DEBUG Logger               - Closing Logger
