17:37:24.299 [main                     ] DEBUG Logger               - Configured Logger
17:37:24.330 [main                     ] DEBUG GameApplication      - Logging settings
Title: Untitled
Version: 0.0
Width: 1280
Height: 720
Fullscreen: false
Intro: false
Profiling: false
Single step:false
App Mode: DEVELOPER
Menu Key: ESCAPE
Stage Style: DECORATED
Scene Factory: class com.almasb.fxgl.app.scene.SceneFactory

17:37:24.681 [JavaFX Application Thread] DEBUG FXGLApplication      - Initializing FXGL
17:37:24.685 [JavaFX Application Thread] INFO  Engine               - FXGL-17.1 (24.03.2022 17.34) on WINDOWS (J:17.0.3.1 FX:18)
17:37:24.685 [JavaFX Application Thread] DEBUG Engine               - JRE Vendor Name: Oracle Corporation
17:37:24.685 [JavaFX Application Thread] DEBUG Engine               - Running on OS: Windows 10 version 10.0
17:37:24.686 [JavaFX Application Thread] DEBUG Engine               - Architecture: amd64
17:37:24.686 [JavaFX Application Thread] INFO  Engine               - Source code and latest versions at: https://github.com/AlmasB/FXGL
17:37:24.686 [JavaFX Application Thread] INFO  Engine               -       Ask questions and discuss at: https://github.com/AlmasB/FXGL/discussions
17:37:24.686 [JavaFX Application Thread] INFO  Engine               -              Join the FXGL chat at: https://gitter.im/AlmasB/FXGL
17:37:24.752 [JavaFX Application Thread] DEBUG PrimaryStageWindow   - Creating a JavaFX scene
17:37:24.785 [JavaFX Application Thread] DEBUG PrimaryStageWindow   - Target settings size: 1280.0 x 720.0
17:37:24.785 [JavaFX Application Thread] DEBUG PrimaryStageWindow   - Scaled scene size:    1280.0 x 720.0
17:37:24.785 [JavaFX Application Thread] DEBUG PrimaryStageWindow   - Scaled ratio: (1.0, 1.0)
17:37:24.786 [JavaFX Application Thread] DEBUG PrimaryStageWindow   - Set initial scene to FXGLStartupScene
17:37:24.790 [JavaFX Application Thread] DEBUG PrimaryStageWindow   - Opening main window
17:37:24.852 [JavaFX Application Thread] DEBUG PrimaryStageWindow   - Window border size: (16.0, 39.0)
17:37:24.852 [JavaFX Application Thread] DEBUG PrimaryStageWindow   - Scaled size: 1280.0 x 720.0
17:37:24.852 [JavaFX Application Thread] DEBUG PrimaryStageWindow   - Scaled ratio: (1.0, 1.0)
17:37:24.853 [JavaFX Application Thread] DEBUG PrimaryStageWindow   - Scene size: 1280.0 x 720.0
17:37:24.853 [JavaFX Application Thread] DEBUG PrimaryStageWindow   - Stage size: 1296.0 x 759.0
17:37:24.858 [FXGL Background Thread 1 ] DEBUG Engine               - Initializing environment variables
17:37:24.881 [FXGL Background Thread 1 ] DEBUG FXGLAssetLoaderServi - User app class for loading assets: class de.prog2.uwupatch1.DungeonApp
17:37:24.881 [FXGL Background Thread 1 ] DEBUG GameApplicationServi - Applying CSS: fxgl_dark.css
17:37:24.882 [FXGL Background Thread 1 ] DEBUG FXGLAssetLoaderServi - Loading from file system: jar:file:///C:/Users/Mark/.m2/repository/com/github/almasb/fxgl/17.1/fxgl-17.1.jar!/fxglassets/ui/css/fxgl_dark.css
17:37:24.910 [FXGL Background Thread 1 ] DEBUG GameApplicationServi - Initializing application scenes
17:37:24.932 [FXGL Background Thread 1 ] DEBUG GameWorld            - Game world initialized
17:37:24.981 [FXGL Background Thread 1 ] DEBUG PhysicsWorld         - Physics world initialized: appHeight=720, physics.ppm=50,0
17:37:24.981 [FXGL Background Thread 1 ] DEBUG PhysicsWorld         - Using strategy: BRUTE_FORCE
17:37:24.984 [FXGL Background Thread 1 ] DEBUG GameScene            - Game scene initialized: 1280x720
17:37:24.991 [FXGL Background Thread 1 ] DEBUG FXGL.DefaultMenu     - createMenuBodyGameMenu()
17:37:24.999 [FXGL Background Thread 1 ] DEBUG FXGL.DefaultMenu     - createOptionsMenu()
17:37:25.007 [FXGL Background Thread 1 ] DEBUG FXGLAssetLoaderServi - Loading from file system: jar:file:///C:/Users/Mark/.m2/repository/com/github/almasb/fxgl/17.1/fxgl-17.1.jar!/fxglassets/textures/particles/smoke.png
17:37:25.073 [FXGL Background Thread 1 ] DEBUG FXGLAssetLoaderServi - Loading from file system: jar:file:///C:/Users/Mark/.m2/repository/com/github/almasb/fxgl/17.1/fxgl-17.1.jar!/fxglassets/textures/particles/trace_horizontal.png
17:37:25.103 [FXGL Background Thread 1 ] DEBUG GameApplicationServi - Application scenes initialized
17:37:25.111 [FXGL Background Thread 1 ] DEBUG SystemBundleService  - Loading FXGL system data
17:37:25.113 [FXGL Background Thread 1 ] WARN  SystemBundleService  - Failed to load: java.io.FileNotFoundException: C:\Users\Mark\IdeaProjects\DungeonTop-Uwu\system\fxgl.bundle (Das System kann die angegebene Datei nicht finden)
17:37:25.113 [FXGL Background Thread 1 ] DEBUG SystemBundleService  - Loading default FXGL system data
17:37:25.114 [FXGL Background Thread 1 ] DEBUG UpdaterService       - Checking for updates
17:37:25.117 [FXGL Background Thread 4 ] DEBUG FXGLApplication      - Loading fonts
17:37:25.117 [FXGL Background Thread 1 ] DEBUG FXGLApplication      - Loading default localization
17:37:25.118 [FXGL Background Thread 4 ] DEBUG FXGLAssetLoaderServi - Loading from file system: jar:file:///C:/Users/Mark/.m2/repository/com/github/almasb/fxgl/17.1/fxgl-17.1.jar!/fxglassets/ui/fonts/VarelaRound-Regular.ttf
17:37:25.118 [FXGL Background Thread 1 ] DEBUG FXGLAssetLoaderServi - Loading from file system: jar:file:///C:/Users/Mark/.m2/repository/com/github/almasb/fxgl/17.1/fxgl-17.1.jar!/fxglassets/languages/english.lang
17:37:25.132 [FXGL Background Thread 1 ] INFO  FXGLApplication      - FXGL initialization took: 0,274 sec
17:37:25.133 [JavaFX Application Thread] DEBUG FXGLAssetLoaderServi - Loading from file system: jar:file:///C:/Users/Mark/.m2/repository/com/github/almasb/fxgl/17.1/fxgl-17.1.jar!/fxglassets/textures/fxgl_icon.png
17:37:25.157 [JavaFX Application Thread] DEBUG FXGLAssetLoaderServi - Loading from file system: jar:file:///C:/Users/Mark/.m2/repository/com/github/almasb/fxgl/17.1/fxgl-17.1.jar!/fxglassets/textures/fxgl_default_cursor.png
17:37:25.168 [JavaFX Application Thread] DEBUG Input                - Registered new binding: Screenshot - CTRL+8
17:37:25.168 [JavaFX Application Thread] DEBUG Input                - Registered new binding: System info dump - CTRL+9
17:37:25.168 [JavaFX Application Thread] DEBUG Input                - Registered new binding: Restart - CTRL+R
17:37:25.169 [JavaFX Application Thread] DEBUG Input                - Registered new binding: Toggle Debug Camera - CTRL+7
17:37:25.171 [JavaFX Application Thread] DEBUG LoopRunner           - Starting loop
17:37:25.171 [JavaFX Application Thread] DEBUG LoopRunner           - Initializing JavaFX AnimationTimerLoop
17:37:25.172 [JavaFX Application Thread] DEBUG GameApplicationServi - Starting new game
17:37:25.172 [JavaFX Application Thread] DEBUG Input                - Clearing active input actions
17:37:25.181 [JavaFX Application Thread] DEBUG GameApplicationServi - Removing overlay from FXGLStartupScene and adding to FXGLLoadingScene
17:37:25.182 [JavaFX Application Thread] DEBUG PrimaryStageWindow   - FXGLStartupScene -> FXGLLoadingScene
17:37:25.182 [JavaFX Application Thread] DEBUG GameApplicationServi - Clearing previous game
17:37:25.182 [JavaFX Application Thread] DEBUG GameScene            - Clearing game scene
17:37:25.182 [JavaFX Application Thread] DEBUG GameWorld            - Clearing game world
17:37:25.182 [JavaFX Application Thread] DEBUG PhysicsWorld         - Clearing physics world
17:37:25.184 [FXGL Background Thread 1 ] DEBUG FXGLApplication      - Initializing game
17:37:25.186 [FXGL Background Thread 4 ] DEBUG FXGLAssetLoaderServi - Loading from file system: jar:file:///C:/Users/Mark/.m2/repository/com/github/almasb/fxgl/17.1/fxgl-17.1.jar!/fxglassets/ui/fonts/Abel-Regular.ttf
17:37:25.189 [FXGL Background Thread 4 ] DEBUG FXGLAssetLoaderServi - Loading from file system: jar:file:///C:/Users/Mark/.m2/repository/com/github/almasb/fxgl/17.1/fxgl-17.1.jar!/fxglassets/ui/fonts/TerminalLandMono-Regular.otf
17:37:25.190 [FXGL Background Thread 1 ] WARN  FXGLAssetLoaderServi - Asset "/assets/levels/src/main/resources/assets/levels/tmx/derDungeon.tmx" was not found!
17:37:25.192 [FXGL Background Thread 4 ] DEBUG FXGLAssetLoaderServi - Loading from file system: jar:file:///C:/Users/Mark/.m2/repository/com/github/almasb/fxgl/17.1/fxgl-17.1.jar!/fxglassets/ui/fonts/Courier-Prime.ttf
17:37:25.211 [JavaFX Application Thread] DEBUG LoopRunner           - Stopping loop
17:37:25.212 [JavaFX Application Thread] FATAL FXGLApplication      - Uncaught Exception:
java.lang.RuntimeException: Initialization failed
	at com.almasb.fxgl.all@17.1/com.almasb.fxgl.app.FXGLApplication$InitAppTask.failed(FXGLApplication.kt:343)
	at javafx.graphics@18/javafx.concurrent.Task.setState(Task.java:710)
	at javafx.graphics@18/javafx.concurrent.Task$TaskCallable.lambda$call$2(Task.java:1456)
	at javafx.graphics@18/com.sun.javafx.application.PlatformImpl.lambda$runLater$10(PlatformImpl.java:457)
	at java.base/java.security.AccessController.doPrivileged(AccessController.java:399)
	at javafx.graphics@18/com.sun.javafx.application.PlatformImpl.lambda$runLater$11(PlatformImpl.java:456)
	at javafx.graphics@18/com.sun.glass.ui.InvokeLaterDispatcher$Future.run(InvokeLaterDispatcher.java:96)
	at javafx.graphics@18/com.sun.glass.ui.win.WinApplication._runLoop(Native Method)
	at javafx.graphics@18/com.sun.glass.ui.win.WinApplication.lambda$runLoop$3(WinApplication.java:184)
	at java.base/java.lang.Thread.run(Thread.java:833)
Caused by: java.lang.IllegalArgumentException: Loading level failed. Asset not found: src/main/resources/assets/levels/tmx/derDungeon.tmx
	at com.almasb.fxgl.all@17.1/com.almasb.fxgl.app.services.FXGLAssetLoaderService.loadLevel(FXGLAssetLoaderService.kt:443)
	at com.almasb.fxgl.all@17.1/com.almasb.fxgl.dsl.FXGL$Companion.setLevelFromMap(FXGL.kt:634)
	at com.almasb.fxgl.all@17.1/com.almasb.fxgl.dsl.FXGL.setLevelFromMap(FXGL.kt)
	at com.prog.uwupatch/de.prog2.uwupatch1.DungeonApp.initGame(DungeonApp.java:23)
	at com.almasb.fxgl.all@17.1/com.almasb.fxgl.app.FXGLApplication$InitAppTask.initGame(FXGLApplication.kt:339)
	at com.almasb.fxgl.all@17.1/com.almasb.fxgl.app.FXGLApplication$InitAppTask.call(FXGLApplication.kt:319)
	at com.almasb.fxgl.all@17.1/com.almasb.fxgl.app.FXGLApplication$InitAppTask.call(FXGLApplication.kt:311)
	at javafx.graphics@18/javafx.concurrent.Task$TaskCallable.call(Task.java:1426)
	at java.base/java.util.concurrent.FutureTask.run(FutureTask.java:264)
	at java.base/java.util.concurrent.Executors$RunnableAdapter.call(Executors.java:539)
	at java.base/java.util.concurrent.FutureTask.run(FutureTask.java:264)
	at java.base/java.util.concurrent.ThreadPoolExecutor.runWorker(ThreadPoolExecutor.java:1136)
	at java.base/java.util.concurrent.ThreadPoolExecutor$Worker.run(ThreadPoolExecutor.java:635)
	... 1 more

17:37:25.212 [JavaFX Application Thread] FATAL FXGLApplication      - Application will now exit
17:37:25.226 [JavaFX Application Thread] DEBUG PrimaryStageWindow   - Push state: ErrorSubScene
17:37:25.227 [JavaFX Application Thread] DEBUG Input                - Clearing active input actions
17:37:25.232 [JavaFX Application Thread] DEBUG GameApplicationServi - Removing overlay from FXGLLoadingScene and adding to ErrorSubScene
17:37:25.232 [JavaFX Application Thread] DEBUG PrimaryStageWindow   - FXGLLoadingScene -> ErrorSubScene
17:37:25.232 [JavaFX Application Thread] DEBUG FXGLApplication      - Registering font factories with UI factory
17:37:26.442 [JavaFX Application Thread] DEBUG FXGLApplication      - Exiting FXGL
17:37:26.443 [JavaFX Application Thread] DEBUG Async                - Shutting down background threads
17:37:26.443 [JavaFX Application Thread] DEBUG PrimaryStageWindow   - Closing main window
17:37:26.450 [JavaFX Application Thread] DEBUG Logger               - Closing Logger
