17:40:17.335 [main                     ] DEBUG Logger               - Configured Logger
17:40:17.490 [main                     ] DEBUG GameApplication      - Logging settings
Title: Untitled
Version: 0.0
Width: 1280
Height: 720
Fullscreen: false
Intro: false
Profiling: false
Single step:false
App Mode: DEVELOPER
Menu Key: ESCAPE
Stage Style: DECORATED
Scene Factory: class com.almasb.fxgl.app.scene.SceneFactory

17:40:18.555 [JavaFX Application Thread] DEBUG FXGLApplication      - Initializing FXGL
17:40:18.603 [JavaFX Application Thread] INFO  Engine               - FXGL-17.1 (24.03.2022 17.34) on WINDOWS (J:17.0.2 FX:18)
17:40:18.613 [JavaFX Application Thread] DEBUG Engine               - JRE Vendor Name: Oracle Corporation
17:40:18.622 [JavaFX Application Thread] DEBUG Engine               - Running on OS: Windows 10 version 10.0
17:40:18.623 [JavaFX Application Thread] DEBUG Engine               - Architecture: amd64
17:40:18.623 [JavaFX Application Thread] INFO  Engine               - Source code and latest versions at: https://github.com/AlmasB/FXGL
17:40:18.631 [JavaFX Application Thread] INFO  Engine               -       Ask questions and discuss at: https://github.com/AlmasB/FXGL/discussions
17:40:18.632 [JavaFX Application Thread] INFO  Engine               -              Join the FXGL chat at: https://gitter.im/AlmasB/FXGL
17:40:18.944 [JavaFX Application Thread] DEBUG PrimaryStageWindow   - Creating a JavaFX scene
17:40:19.055 [JavaFX Application Thread] DEBUG PrimaryStageWindow   - Target settings size: 1280.0 x 720.0
17:40:19.057 [JavaFX Application Thread] DEBUG PrimaryStageWindow   - Scaled scene size:    1280.0 x 720.0
17:40:19.057 [JavaFX Application Thread] DEBUG PrimaryStageWindow   - Scaled ratio: (1.0, 1.0)
17:40:19.060 [JavaFX Application Thread] DEBUG PrimaryStageWindow   - Set initial scene to FXGLStartupScene
17:40:19.078 [JavaFX Application Thread] DEBUG PrimaryStageWindow   - Opening main window
17:40:19.322 [JavaFX Application Thread] DEBUG PrimaryStageWindow   - Window border size: (14.4000244140625, 37.5999755859375)
17:40:19.332 [JavaFX Application Thread] DEBUG PrimaryStageWindow   - Scaled size: 1280.0 x 720.0
17:40:19.333 [JavaFX Application Thread] DEBUG PrimaryStageWindow   - Scaled ratio: (1.0, 1.0)
17:40:19.334 [JavaFX Application Thread] DEBUG PrimaryStageWindow   - Scene size: 1280.0 x 720.0
17:40:19.334 [JavaFX Application Thread] DEBUG PrimaryStageWindow   - Stage size: 1294.4000244140625 x 757.5999755859375
17:40:19.413 [FXGL Background Thread 1 ] DEBUG Engine               - Initializing environment variables
17:40:19.641 [FXGL Background Thread 1 ] DEBUG FXGLAssetLoaderServi - User app class for loading assets: class de.prog2.uwupatch1.View.FXGL.DungeonApp
17:40:19.642 [FXGL Background Thread 1 ] DEBUG GameApplicationServi - Applying CSS: fxgl_dark.css
17:40:19.652 [FXGL Background Thread 1 ] DEBUG FXGLAssetLoaderServi - Loading from file system: jar:file:///C:/Users/Niclas/.m2/repository/com/github/almasb/fxgl/17.1/fxgl-17.1.jar!/fxglassets/ui/css/fxgl_dark.css
17:40:19.860 [FXGL Background Thread 1 ] DEBUG GameApplicationServi - Initializing application scenes
17:40:20.340 [FXGL Background Thread 1 ] DEBUG GameWorld            - Game world initialized
17:40:20.477 [FXGL Background Thread 1 ] DEBUG PhysicsWorld         - Physics world initialized: appHeight=720, physics.ppm=50,0
17:40:20.478 [FXGL Background Thread 1 ] DEBUG PhysicsWorld         - Using strategy: BRUTE_FORCE
17:40:20.498 [FXGL Background Thread 1 ] DEBUG GameScene            - Game scene initialized: 1280x720
17:40:20.524 [FXGL Background Thread 1 ] DEBUG FXGL.DefaultMenu     - createMenuBodyGameMenu()
17:40:20.581 [FXGL Background Thread 1 ] DEBUG FXGL.DefaultMenu     - createOptionsMenu()
17:40:20.608 [FXGL Background Thread 1 ] DEBUG FXGLAssetLoaderServi - Loading from file system: jar:file:///C:/Users/Niclas/.m2/repository/com/github/almasb/fxgl/17.1/fxgl-17.1.jar!/fxglassets/textures/particles/smoke.png
17:40:21.054 [FXGL Background Thread 1 ] DEBUG FXGLAssetLoaderServi - Loading from file system: jar:file:///C:/Users/Niclas/.m2/repository/com/github/almasb/fxgl/17.1/fxgl-17.1.jar!/fxglassets/textures/particles/trace_horizontal.png
17:40:21.189 [FXGL Background Thread 1 ] DEBUG GameApplicationServi - Application scenes initialized
17:40:21.239 [FXGL Background Thread 1 ] DEBUG SystemBundleService  - Loading FXGL system data
17:40:21.248 [FXGL Background Thread 1 ] WARN  SystemBundleService  - Failed to load: java.io.FileNotFoundException: C:\Users\Niclas\Desktop\DungeonGit\UwuPatch1\system\fxgl.bundle (Das System kann die angegebene Datei nicht finden)
17:40:21.248 [FXGL Background Thread 1 ] DEBUG SystemBundleService  - Loading default FXGL system data
17:40:21.248 [FXGL Background Thread 1 ] DEBUG UpdaterService       - Checking for updates
17:40:21.277 [FXGL Background Thread 1 ] DEBUG FXGLApplication      - Loading default localization
17:40:21.278 [FXGL Background Thread 1 ] DEBUG FXGLAssetLoaderServi - Loading from file system: jar:file:///C:/Users/Niclas/.m2/repository/com/github/almasb/fxgl/17.1/fxgl-17.1.jar!/fxglassets/languages/english.lang
17:40:21.334 [FXGL Background Thread 1 ] INFO  FXGLApplication      - FXGL initialization took: 1,904 sec
17:40:21.336 [JavaFX Application Thread] DEBUG FXGLAssetLoaderServi - Loading from file system: jar:file:///C:/Users/Niclas/.m2/repository/com/github/almasb/fxgl/17.1/fxgl-17.1.jar!/fxglassets/textures/fxgl_icon.png
17:40:21.434 [JavaFX Application Thread] DEBUG FXGLAssetLoaderServi - Loading from file system: jar:file:///C:/Users/Niclas/.m2/repository/com/github/almasb/fxgl/17.1/fxgl-17.1.jar!/fxglassets/textures/fxgl_default_cursor.png
17:40:21.455 [JavaFX Application Thread] DEBUG Input                - Registered new binding: Screenshot - CTRL+8
17:40:21.456 [JavaFX Application Thread] DEBUG Input                - Registered new binding: System info dump - CTRL+9
17:40:21.457 [JavaFX Application Thread] DEBUG Input                - Registered new binding: Restart - CTRL+R
17:40:21.458 [JavaFX Application Thread] DEBUG Input                - Registered new binding: Toggle Debug Camera - CTRL+7
17:40:21.463 [JavaFX Application Thread] DEBUG LoopRunner           - Starting loop
17:40:21.463 [JavaFX Application Thread] DEBUG LoopRunner           - Initializing JavaFX AnimationTimerLoop
17:40:21.465 [JavaFX Application Thread] DEBUG GameApplicationServi - Starting new game
17:40:21.470 [JavaFX Application Thread] DEBUG Input                - Clearing active input actions
17:40:21.541 [JavaFX Application Thread] DEBUG GameApplicationServi - Removing overlay from FXGLStartupScene and adding to FXGLLoadingScene
17:40:21.543 [JavaFX Application Thread] DEBUG PrimaryStageWindow   - FXGLStartupScene -> FXGLLoadingScene
17:40:21.552 [JavaFX Application Thread] DEBUG GameApplicationServi - Clearing previous game
17:40:21.552 [JavaFX Application Thread] DEBUG GameScene            - Clearing game scene
17:40:21.653 [FXGL Background Thread 4 ] DEBUG FXGLApplication      - Loading fonts
17:40:21.654 [FXGL Background Thread 4 ] DEBUG FXGLAssetLoaderServi - Loading from file system: jar:file:///C:/Users/Niclas/.m2/repository/com/github/almasb/fxgl/17.1/fxgl-17.1.jar!/fxglassets/ui/fonts/VarelaRound-Regular.ttf
17:40:21.552 [JavaFX Application Thread] DEBUG GameWorld            - Clearing game world
17:40:21.667 [JavaFX Application Thread] DEBUG PhysicsWorld         - Clearing physics world
17:40:21.734 [FXGL Background Thread 1 ] DEBUG FXGLApplication      - Initializing game
17:40:21.819 [FXGL Background Thread 1 ] WARN  FXGLAssetLoaderServi - Asset "/assets/levels/tmx/derDungeon.tmx" was not found!
17:40:22.288 [JavaFX Application Thread] DEBUG LoopRunner           - Stopping loop
17:40:22.303 [JavaFX Application Thread] FATAL FXGLApplication      - Uncaught Exception:
java.lang.RuntimeException: Initialization failed
	at com.almasb.fxgl.all@17.1/com.almasb.fxgl.app.FXGLApplication$InitAppTask.failed(FXGLApplication.kt:343)
	at javafx.graphics@18/javafx.concurrent.Task.setState(Task.java:710)
	at javafx.graphics@18/javafx.concurrent.Task$TaskCallable.lambda$call$2(Task.java:1456)
	at javafx.graphics@18/com.sun.javafx.application.PlatformImpl.lambda$runLater$10(PlatformImpl.java:457)
	at java.base/java.security.AccessController.doPrivileged(AccessController.java:399)
	at javafx.graphics@18/com.sun.javafx.application.PlatformImpl.lambda$runLater$11(PlatformImpl.java:456)
	at javafx.graphics@18/com.sun.glass.ui.InvokeLaterDispatcher$Future.run(InvokeLaterDispatcher.java:96)
	at javafx.graphics@18/com.sun.glass.ui.win.WinApplication._runLoop(Native Method)
	at javafx.graphics@18/com.sun.glass.ui.win.WinApplication.lambda$runLoop$3(WinApplication.java:184)
	at java.base/java.lang.Thread.run(Thread.java:833)
Caused by: java.lang.IllegalArgumentException: Loading level failed. Asset not found: tmx/derDungeon.tmx
	at com.almasb.fxgl.all@17.1/com.almasb.fxgl.app.services.FXGLAssetLoaderService.loadLevel(FXGLAssetLoaderService.kt:443)
	at com.almasb.fxgl.all@17.1/com.almasb.fxgl.dsl.FXGL$Companion.setLevelFromMap(FXGL.kt:634)
	at com.almasb.fxgl.all@17.1/com.almasb.fxgl.dsl.FXGL.setLevelFromMap(FXGL.kt)
	at com.prog.uwupatch/de.prog2.uwupatch1.View.FXGL.DungeonApp.initGame(DungeonApp.java:23)
	at com.almasb.fxgl.all@17.1/com.almasb.fxgl.app.FXGLApplication$InitAppTask.initGame(FXGLApplication.kt:339)
	at com.almasb.fxgl.all@17.1/com.almasb.fxgl.app.FXGLApplication$InitAppTask.call(FXGLApplication.kt:319)
	at com.almasb.fxgl.all@17.1/com.almasb.fxgl.app.FXGLApplication$InitAppTask.call(FXGLApplication.kt:311)
	at javafx.graphics@18/javafx.concurrent.Task$TaskCallable.call(Task.java:1426)
	at java.base/java.util.concurrent.FutureTask.run(FutureTask.java:264)
	at java.base/java.util.concurrent.Executors$RunnableAdapter.call(Executors.java:539)
	at java.base/java.util.concurrent.FutureTask.run(FutureTask.java:264)
	at java.base/java.util.concurrent.ThreadPoolExecutor.runWorker(ThreadPoolExecutor.java:1136)
	at java.base/java.util.concurrent.ThreadPoolExecutor$Worker.run(ThreadPoolExecutor.java:635)
	... 1 more

17:40:22.312 [JavaFX Application Thread] FATAL FXGLApplication      - Application will now exit
17:40:22.422 [JavaFX Application Thread] DEBUG PrimaryStageWindow   - Push state: ErrorSubScene
17:40:22.423 [JavaFX Application Thread] DEBUG Input                - Clearing active input actions
17:40:22.442 [JavaFX Application Thread] DEBUG GameApplicationServi - Removing overlay from FXGLLoadingScene and adding to ErrorSubScene
17:40:22.443 [JavaFX Application Thread] DEBUG PrimaryStageWindow   - FXGLLoadingScene -> ErrorSubScene
17:40:24.269 [FXGL Background Thread 3 ] DEBUG Engine               - Logging environment variables
17:40:24.272 [FXGL Background Thread 3 ] DEBUG Engine               - achievements: []
17:40:24.272 [FXGL Background Thread 3 ] DEBUG Engine               - actualHeight: 720.0
17:40:24.277 [FXGL Background Thread 3 ] DEBUG Engine               - actualHeightProperty: ReadOnlyDoubleProperty [value: 720.0]
17:40:24.277 [FXGL Background Thread 3 ] DEBUG Engine               - actualWidth: 1280.0
17:40:24.278 [FXGL Background Thread 3 ] DEBUG Engine               - actualWidthProperty: ReadOnlyDoubleProperty [value: 1280.0]
17:40:24.278 [FXGL Background Thread 3 ] DEBUG Engine               - appIcon: fxgl_icon.png
17:40:24.281 [FXGL Background Thread 3 ] DEBUG Engine               - applicationMode: DEVELOPER
17:40:24.281 [FXGL Background Thread 3 ] DEBUG Engine               - cSSList: [fxgl_dark.css]
17:40:24.281 [FXGL Background Thread 3 ] DEBUG Engine               - collisionDetectionStrategy: BRUTE_FORCE
17:40:24.281 [FXGL Background Thread 3 ] DEBUG Engine               - configClass: Optional.empty
17:40:24.282 [FXGL Background Thread 3 ] DEBUG Engine               - credits: []
17:40:24.285 [FXGL Background Thread 3 ] DEBUG Engine               - defaultCursor: CursorInfo(imageName=fxgl_default_cursor.png, hotspotX=7.0, hotspotY=6.0)
17:40:24.286 [FXGL Background Thread 3 ] DEBUG Engine               - devBBoxColorProperty: ObjectProperty [value: 0xff0000ff]
17:40:24.286 [FXGL Background Thread 3 ] DEBUG Engine               - devEnableDebugCameraProperty: BooleanProperty [value: false]
17:40:24.290 [FXGL Background Thread 3 ] DEBUG Engine               - devSensorColorProperty: ObjectProperty [value: 0xffff00ff]
17:40:24.291 [FXGL Background Thread 3 ] DEBUG Engine               - devShowBBoxProperty: BooleanProperty [value: false]
17:40:24.292 [FXGL Background Thread 3 ] DEBUG Engine               - devShowPositionProperty: BooleanProperty [value: false]
17:40:24.293 [FXGL Background Thread 3 ] DEBUG Engine               - enabledMenuItems: []
17:40:24.293 [FXGL Background Thread 3 ] DEBUG Engine               - engineServices: [class com.almasb.fxgl.app.services.FXGLAssetLoaderService, class com.almasb.fxgl.app.FXGLApplication$GameApplicationService, class com.almasb.fxgl.app.services.FXGLDialogService, class com.almasb.fxgl.app.services.IOTaskExecutorService, class com.almasb.fxgl.io.FileSystemService, class com.almasb.fxgl.localization.LocalizationService, class com.almasb.fxgl.app.services.SystemBundleService, class com.almasb.fxgl.profile.SaveLoadService, class com.almasb.fxgl.ui.FXGLUIFactoryServiceProvider, class com.almasb.fxgl.ui.FXGLDialogFactoryServiceProvider, class com.almasb.fxgl.audio.AudioPlayer, class com.almasb.fxgl.notification.impl.NotificationServiceProvider, class com.almasb.fxgl.achievement.AchievementService, class com.almasb.fxgl.cutscene.CutsceneService, class com.almasb.fxgl.minigames.MiniGameService, class com.almasb.fxgl.net.NetService, class com.almasb.fxgl.app.services.UpdaterService, class com.almasb.fxgl.dev.DevService]
17:40:24.293 [FXGL Background Thread 3 ] DEBUG Engine               - fontGame: Abel-Regular.ttf
17:40:24.293 [FXGL Background Thread 3 ] DEBUG Engine               - fontMono: TerminalLandMono-Regular.otf
17:40:24.295 [FXGL Background Thread 3 ] DEBUG Engine               - fontText: Courier-Prime.ttf
17:40:24.295 [FXGL Background Thread 3 ] DEBUG Engine               - fontUI: VarelaRound-Regular.ttf
17:40:24.296 [FXGL Background Thread 3 ] DEBUG Engine               - fullScreen: BooleanProperty [value: false]
17:40:24.296 [FXGL Background Thread 3 ] DEBUG Engine               - gameDifficulty: MEDIUM
17:40:24.297 [FXGL Background Thread 3 ] DEBUG Engine               - gameDifficultyProperty: ObjectProperty [value: MEDIUM]
17:40:24.299 [FXGL Background Thread 3 ] DEBUG Engine               - globalMusicVolume: 0.5
17:40:24.299 [FXGL Background Thread 3 ] DEBUG Engine               - globalMusicVolumeProperty: DoubleProperty [value: 0.5]
17:40:24.300 [FXGL Background Thread 3 ] DEBUG Engine               - globalSoundVolume: 0.5
17:40:24.300 [FXGL Background Thread 3 ] DEBUG Engine               - globalSoundVolumeProperty: DoubleProperty [value: 0.5]
17:40:24.300 [FXGL Background Thread 3 ] DEBUG Engine               - height: 720
17:40:24.300 [FXGL Background Thread 3 ] DEBUG Engine               - is3D: false
17:40:24.300 [FXGL Background Thread 3 ] DEBUG Engine               - isAndroid: false
17:40:24.300 [FXGL Background Thread 3 ] DEBUG Engine               - isBrowser: false
17:40:24.300 [FXGL Background Thread 3 ] DEBUG Engine               - isClickFeedbackEnabled: false
17:40:24.301 [FXGL Background Thread 3 ] DEBUG Engine               - isCloseConfirmation: false
17:40:24.301 [FXGL Background Thread 3 ] DEBUG Engine               - isDesktop: true
17:40:24.301 [FXGL Background Thread 3 ] DEBUG Engine               - isDeveloperMenuEnabled: false
17:40:24.302 [FXGL Background Thread 3 ] DEBUG Engine               - isEmbedded: false
17:40:24.302 [FXGL Background Thread 3 ] DEBUG Engine               - isEntityPreloadEnabled: true
17:40:24.302 [FXGL Background Thread 3 ] DEBUG Engine               - isExperimentalTiledLargeMap: false
17:40:24.302 [FXGL Background Thread 3 ] DEBUG Engine               - isFileSystemWriteAllowed: true
17:40:24.302 [FXGL Background Thread 3 ] DEBUG Engine               - isFullScreenAllowed: false
17:40:24.302 [FXGL Background Thread 3 ] DEBUG Engine               - isFullScreenFromStart: false
17:40:24.303 [FXGL Background Thread 3 ] DEBUG Engine               - isGameMenuEnabled: true
17:40:24.303 [FXGL Background Thread 3 ] DEBUG Engine               - isIOS: false
17:40:24.303 [FXGL Background Thread 3 ] DEBUG Engine               - isIntroEnabled: false
17:40:24.303 [FXGL Background Thread 3 ] DEBUG Engine               - isLinux: false
17:40:24.303 [FXGL Background Thread 3 ] DEBUG Engine               - isMac: false
17:40:24.312 [FXGL Background Thread 3 ] DEBUG Engine               - isMainMenuEnabled: false
17:40:24.312 [FXGL Background Thread 3 ] DEBUG Engine               - isManualResizeEnabled: false
17:40:24.312 [FXGL Background Thread 3 ] DEBUG Engine               - isMobile: false
17:40:24.312 [FXGL Background Thread 3 ] DEBUG Engine               - isNative: false
17:40:24.312 [FXGL Background Thread 3 ] DEBUG Engine               - isPauseMusicWhenMinimized: true
17:40:24.313 [FXGL Background Thread 3 ] DEBUG Engine               - isPreserveResizeRatio: false
17:40:24.313 [FXGL Background Thread 3 ] DEBUG Engine               - isProfilingEnabled: false
17:40:24.313 [FXGL Background Thread 3 ] DEBUG Engine               - isScaleAffectedOnResize: true
17:40:24.313 [FXGL Background Thread 3 ] DEBUG Engine               - isSingleStep: false
17:40:24.313 [FXGL Background Thread 3 ] DEBUG Engine               - isUserProfileEnabled: false
17:40:24.316 [FXGL Background Thread 3 ] DEBUG Engine               - isWindows: true
17:40:24.316 [FXGL Background Thread 3 ] DEBUG Engine               - language: ObjectProperty [value: ENGLISH]
17:40:24.317 [FXGL Background Thread 3 ] DEBUG Engine               - menuKey: ESCAPE
17:40:24.317 [FXGL Background Thread 3 ] DEBUG Engine               - mouseSensitivity: 0.2
17:40:24.317 [FXGL Background Thread 3 ] DEBUG Engine               - notificationViewClass: class com.almasb.fxgl.notification.view.XboxNotificationView
17:40:24.318 [FXGL Background Thread 3 ] DEBUG Engine               - pixelsPerMeter: 50.0
17:40:24.318 [FXGL Background Thread 3 ] DEBUG Engine               - platform: WINDOWS
17:40:24.318 [FXGL Background Thread 3 ] DEBUG Engine               - prefHeightProperty: ReadOnlyDoubleProperty [value: 720.0]
17:40:24.318 [FXGL Background Thread 3 ] DEBUG Engine               - prefWidthProperty: ReadOnlyDoubleProperty [value: 1280.0]
17:40:24.318 [FXGL Background Thread 3 ] DEBUG Engine               - profileDir: profiles/
17:40:24.322 [FXGL Background Thread 3 ] DEBUG Engine               - profileName: StringProperty [value: DEFAULT]
17:40:24.322 [FXGL Background Thread 3 ] DEBUG Engine               - randomSeed: -1
17:40:24.331 [FXGL Background Thread 3 ] DEBUG Engine               - runtimeInfo: RuntimeInfo(platform=WINDOWS, version=17.1, build=24.03.2022 17.34)
17:40:24.331 [FXGL Background Thread 3 ] DEBUG Engine               - saveFileExt: sav
17:40:24.331 [FXGL Background Thread 3 ] DEBUG Engine               - scaledHeightProp$fxgl: DoubleProperty [bound, value: 720.0]
17:40:24.331 [FXGL Background Thread 3 ] DEBUG Engine               - scaledWidthProp$fxgl: DoubleProperty [bound, value: 1280.0]
17:40:24.331 [FXGL Background Thread 3 ] DEBUG Engine               - sceneFactory: com.almasb.fxgl.app.scene.SceneFactory@424f8238
17:40:24.331 [FXGL Background Thread 3 ] DEBUG Engine               - secondsIn24h: 60
17:40:24.331 [FXGL Background Thread 3 ] DEBUG Engine               - soundMenuBack: menu/back.wav
17:40:24.331 [FXGL Background Thread 3 ] DEBUG Engine               - soundMenuPress: menu/press.wav
17:40:24.332 [FXGL Background Thread 3 ] DEBUG Engine               - soundMenuSelect: menu/select.wav
17:40:24.332 [FXGL Background Thread 3 ] DEBUG Engine               - soundNotification: core/notification.wav
17:40:24.332 [FXGL Background Thread 3 ] DEBUG Engine               - stageStyle: DECORATED
17:40:24.332 [FXGL Background Thread 3 ] DEBUG Engine               - supportedLanguages: [ENGLISH, FRENCH, GERMAN, HUNGARIAN, RUSSIAN]
17:40:24.332 [FXGL Background Thread 3 ] DEBUG Engine               - ticksPerSecond: -1
17:40:24.332 [FXGL Background Thread 3 ] DEBUG Engine               - title: Untitled
17:40:24.332 [FXGL Background Thread 3 ] DEBUG Engine               - urlGithub: https://github.com/AlmasB/FXGL
17:40:24.332 [FXGL Background Thread 3 ] DEBUG Engine               - urlLeaderboard: http://fxgl-top.herokuapp.com/
17:40:24.332 [FXGL Background Thread 3 ] DEBUG Engine               - urlPOM: https://raw.githubusercontent.com/AlmasB/FXGL/release/README.md
17:40:24.333 [FXGL Background Thread 3 ] DEBUG Engine               - userAppClass: class de.prog2.uwupatch1.View.FXGL.DungeonApp
17:40:24.333 [FXGL Background Thread 3 ] DEBUG Engine               - version: 0.0
17:40:24.333 [FXGL Background Thread 3 ] DEBUG Engine               - versionCheckDays: 7
17:40:24.333 [FXGL Background Thread 3 ] DEBUG Engine               - width: 1280
17:40:24.333 [FXGL Background Thread 3 ] DEBUG Engine               - Logging services
17:40:24.333 [FXGL Background Thread 3 ] DEBUG Engine               - class com.almasb.fxgl.app.services.FXGLAssetLoaderService
17:40:24.333 [FXGL Background Thread 3 ] DEBUG Engine               - class com.almasb.fxgl.app.FXGLApplication$GameApplicationService
17:40:24.333 [FXGL Background Thread 3 ] DEBUG Engine               - class com.almasb.fxgl.app.services.FXGLDialogService
17:40:24.333 [FXGL Background Thread 3 ] DEBUG Engine               - class com.almasb.fxgl.app.services.IOTaskExecutorService
17:40:24.341 [FXGL Background Thread 3 ] DEBUG Engine               - class com.almasb.fxgl.io.FileSystemService
17:40:24.341 [FXGL Background Thread 3 ] DEBUG Engine               - class com.almasb.fxgl.localization.LocalizationService
17:40:24.342 [FXGL Background Thread 3 ] DEBUG Engine               - class com.almasb.fxgl.app.services.SystemBundleService
17:40:24.342 [FXGL Background Thread 3 ] DEBUG Engine               - class com.almasb.fxgl.profile.SaveLoadService
17:40:24.342 [FXGL Background Thread 3 ] DEBUG Engine               - class com.almasb.fxgl.ui.FXGLUIFactoryServiceProvider
17:40:24.342 [FXGL Background Thread 3 ] DEBUG Engine               - class com.almasb.fxgl.ui.FXGLDialogFactoryServiceProvider
17:40:24.342 [FXGL Background Thread 3 ] DEBUG Engine               - class com.almasb.fxgl.audio.AudioPlayer
17:40:24.342 [FXGL Background Thread 3 ] DEBUG Engine               - class com.almasb.fxgl.notification.impl.NotificationServiceProvider
17:40:24.348 [FXGL Background Thread 3 ] DEBUG Engine               - class com.almasb.fxgl.achievement.AchievementService
17:40:24.348 [FXGL Background Thread 3 ] DEBUG Engine               - class com.almasb.fxgl.cutscene.CutsceneService
17:40:24.348 [FXGL Background Thread 3 ] DEBUG Engine               - class com.almasb.fxgl.minigames.MiniGameService
17:40:24.348 [FXGL Background Thread 3 ] DEBUG Engine               - class com.almasb.fxgl.net.NetService
17:40:24.348 [FXGL Background Thread 3 ] DEBUG Engine               - class com.almasb.fxgl.app.services.UpdaterService
17:40:24.349 [FXGL Background Thread 3 ] DEBUG Engine               - class com.almasb.fxgl.dev.DevService
17:40:24.630 [FXGL Background Thread 4 ] DEBUG FXGLAssetLoaderServi - Loading from file system: jar:file:///C:/Users/Niclas/.m2/repository/com/github/almasb/fxgl/17.1/fxgl-17.1.jar!/fxglassets/ui/fonts/Abel-Regular.ttf
17:40:24.653 [FXGL Background Thread 4 ] DEBUG FXGLAssetLoaderServi - Loading from file system: jar:file:///C:/Users/Niclas/.m2/repository/com/github/almasb/fxgl/17.1/fxgl-17.1.jar!/fxglassets/ui/fonts/TerminalLandMono-Regular.otf
17:40:24.663 [FXGL Background Thread 4 ] DEBUG FXGLAssetLoaderServi - Loading from file system: jar:file:///C:/Users/Niclas/.m2/repository/com/github/almasb/fxgl/17.1/fxgl-17.1.jar!/fxglassets/ui/fonts/Courier-Prime.ttf
17:40:24.682 [JavaFX Application Thread] DEBUG FXGLApplication      - Registering font factories with UI factory
17:40:25.684 [JavaFX Application Thread] DEBUG FXGLApplication      - Exiting FXGL
17:40:25.684 [JavaFX Application Thread] DEBUG Async                - Shutting down background threads
17:40:25.684 [JavaFX Application Thread] DEBUG PrimaryStageWindow   - Closing main window
17:40:25.701 [JavaFX Application Thread] DEBUG Logger               - Closing Logger
